[ 2013-07-24T17:56:04+08:00 ] 127.0.0.1 /taotao/admin.php/Public/updatePosition.html?x=141&y=21&id=1
INFO: [ app_begin ] --START--
INFO: Run ReadHtmlCache Behavior [ RunTime:0.000860s ]
INFO: [ app_begin ] --END-- [ RunTime:0.000921s ]
SQL: SHOW COLUMNS FROM `tao_notes` [ RunTime:0.004664s ]
SQL: UPDATE `tao_notes` SET `left`=141,`top`=21 WHERE ( id=1 ) [ RunTime:0.001081s ]

[ 2013-07-24T19:48:52+08:00 ] 127.0.0.1 /taotao/admin.php/Public/checkLogin.html
INFO: [ app_begin ] --START--
INFO: Run ReadHtmlCache Behavior [ RunTime:0.034217s ]
INFO: [ app_begin ] --END-- [ RunTime:0.034377s ]
SQL: SHOW COLUMNS FROM `tao_user` [ RunTime:0.022410s ]
SQL: SELECT * FROM `tao_user` WHERE ( `username` = 'admin' ) AND ( `status` > 0 ) LIMIT 1   [ RunTime:0.000372s ]
SQL: UPDATE `tao_user` SET `last_login_time`=1374666532,`login_count`=login_count+1,`last_login_ip`='127.0.0.1' WHERE ( `id` = 1 ) [ RunTime:0.012042s ]

[ 2013-07-24T19:54:53+08:00 ] 127.0.0.1 /taotao/admin.php/Public/checkLogin.html
INFO: [ app_begin ] --START--
INFO: Run ReadHtmlCache Behavior [ RunTime:0.001820s ]
INFO: [ app_begin ] --END-- [ RunTime:0.001892s ]
SQL: SHOW COLUMNS FROM `tao_user` [ RunTime:0.003970s ]
SQL: SELECT * FROM `tao_user` WHERE ( `username` = 'demo' ) AND ( `status` > 0 ) LIMIT 1   [ RunTime:0.000417s ]
SQL: UPDATE `tao_user` SET `last_login_time`=1374666893,`login_count`=login_count+1,`last_login_ip`='127.0.0.1' WHERE ( `id` = 2 ) [ RunTime:0.000322s ]
NOTIC: [8] Undefined index: admin D:\wamp\www\taotao\ThinkPHP\Extend\Library\ORG\Util\RBAC.class.php 第 94 行.
SQL: select node.id,node.name from tao_role as role,tao_role_user as user,tao_access as access ,tao_node as node where user.user_id='2' and user.role_id=role.id and ( access.role_id=role.id  or (access.role_id=role.pid and role.pid!=0 ) ) and role.status=1 and access.node_id=node.id and node.level=1 and node.status=1 [ RunTime:0.108524s ]
SQL: select node.id,node.name from tao_role as role,tao_role_user as user,tao_access as access ,tao_node as node where user.user_id='2' and user.role_id=role.id and ( access.role_id=role.id  or (access.role_id=role.pid and role.pid!=0 ) ) and role.status=1 and access.node_id=node.id and node.level=2 and node.pid=1 and node.status=1 [ RunTime:0.000561s ]
SQL: select node.id,node.name from tao_role as role,tao_role_user as user,tao_access as access ,tao_node as node where user.user_id='2' and user.role_id=role.id and ( access.role_id=role.id  or (access.role_id=role.pid and role.pid!=0 ) ) and role.status=1 and access.node_id=node.id and node.level=3 and node.pid=30 and node.status=1 [ RunTime:0.000546s ]
SQL: select node.id,node.name from tao_role as role,tao_role_user as user,tao_access as access ,tao_node as node where user.user_id='2' and user.role_id=role.id and ( access.role_id=role.id  or (access.role_id=role.pid and role.pid!=0 ) ) and role.status=1 and access.node_id=node.id and node.level=3 and node.pid=40 and node.status=1 [ RunTime:0.000614s ]
SQL: select node.id,node.name from tao_role as role,tao_role_user as user,tao_access as access ,tao_node as node where user.user_id='2' and user.role_id=role.id and ( access.role_id=role.id  or (access.role_id=role.pid and role.pid!=0 ) ) and role.status=1 and access.node_id=node.id and node.level=3 and node.pid=40 and node.status=1 [ RunTime:0.000579s ]
SQL: select node.id,node.name from tao_role as role,tao_role_user as user,tao_access as access ,tao_node as node where user.user_id='2' and user.role_id=role.id and ( access.role_id=role.id  or (access.role_id=role.pid and role.pid!=0 ) ) and role.status=1 and access.node_id=node.id and node.level=3 and node.pid=30 and node.status=1 [ RunTime:0.000663s ]
SQL: select node.id,node.name from tao_role as role,tao_role_user as user,tao_access as access ,tao_node as node where user.user_id='2' and user.role_id=role.id and ( access.role_id=role.id  or (access.role_id=role.pid and role.pid!=0 ) ) and role.status=1 and access.node_id=node.id and node.level=2 and node.pid=1 and node.status=1 [ RunTime:0.000624s ]
SQL: select node.id,node.name from tao_role as role,tao_role_user as user,tao_access as access ,tao_node as node where user.user_id='2' and user.role_id=role.id and ( access.role_id=role.id  or (access.role_id=role.pid and role.pid!=0 ) ) and role.status=1 and access.node_id=node.id and node.level=3 and node.pid=30 and node.status=1 [ RunTime:0.000694s ]
SQL: select node.id,node.name from tao_role as role,tao_role_user as user,tao_access as access ,tao_node as node where user.user_id='2' and user.role_id=role.id and ( access.role_id=role.id  or (access.role_id=role.pid and role.pid!=0 ) ) and role.status=1 and access.node_id=node.id and node.level=3 and node.pid=40 and node.status=1 [ RunTime:0.000633s ]
SQL: select node.id,node.name from tao_role as role,tao_role_user as user,tao_access as access ,tao_node as node where user.user_id='2' and user.role_id=role.id and ( access.role_id=role.id  or (access.role_id=role.pid and role.pid!=0 ) ) and role.status=1 and access.node_id=node.id and node.level=3 and node.pid=40 and node.status=1 [ RunTime:0.000621s ]
SQL: select node.id,node.name from tao_role as role,tao_role_user as user,tao_access as access ,tao_node as node where user.user_id='2' and user.role_id=role.id and ( access.role_id=role.id  or (access.role_id=role.pid and role.pid!=0 ) ) and role.status=1 and access.node_id=node.id and node.level=3 and node.pid=30 and node.status=1 [ RunTime:0.000667s ]

[ 2013-07-24T19:55:01+08:00 ] 127.0.0.1 /taotao/admin.php/Public/index
ERR: 非法操作:index

[ 2013-07-24T19:56:00+08:00 ] 127.0.0.1 /taotao/admin.php/Public/checkLogin.html
INFO: [ app_begin ] --START--
INFO: Run ReadHtmlCache Behavior [ RunTime:0.001622s ]
INFO: [ app_begin ] --END-- [ RunTime:0.001680s ]
SQL: SHOW COLUMNS FROM `tao_user` [ RunTime:0.003844s ]
SQL: SELECT * FROM `tao_user` WHERE ( `username` = 'demo' ) AND ( `status` > 0 ) LIMIT 1   [ RunTime:0.000689s ]
SQL: UPDATE `tao_user` SET `last_login_time`=1374666960,`login_count`=login_count+1,`last_login_ip`='127.0.0.1' WHERE ( `id` = 2 ) [ RunTime:0.000353s ]
NOTIC: [8] Undefined index: admin D:\wamp\www\taotao\ThinkPHP\Extend\Library\ORG\Util\RBAC.class.php 第 94 行.
SQL: select node.id,node.name from tao_role as role,tao_role_user as user,tao_access as access ,tao_node as node where user.user_id='2' and user.role_id=role.id and ( access.role_id=role.id  or (access.role_id=role.pid and role.pid!=0 ) ) and role.status=1 and access.node_id=node.id and node.level=1 and node.status=1 [ RunTime:0.000553s ]
SQL: select node.id,node.name from tao_role as role,tao_role_user as user,tao_access as access ,tao_node as node where user.user_id='2' and user.role_id=role.id and ( access.role_id=role.id  or (access.role_id=role.pid and role.pid!=0 ) ) and role.status=1 and access.node_id=node.id and node.level=2 and node.pid=1 and node.status=1 [ RunTime:0.001170s ]
SQL: select node.id,node.name from tao_role as role,tao_role_user as user,tao_access as access ,tao_node as node where user.user_id='2' and user.role_id=role.id and ( access.role_id=role.id  or (access.role_id=role.pid and role.pid!=0 ) ) and role.status=1 and access.node_id=node.id and node.level=3 and node.pid=30 and node.status=1 [ RunTime:0.001442s ]
SQL: select node.id,node.name from tao_role as role,tao_role_user as user,tao_access as access ,tao_node as node where user.user_id='2' and user.role_id=role.id and ( access.role_id=role.id  or (access.role_id=role.pid and role.pid!=0 ) ) and role.status=1 and access.node_id=node.id and node.level=3 and node.pid=40 and node.status=1 [ RunTime:0.000855s ]
SQL: select node.id,node.name from tao_role as role,tao_role_user as user,tao_access as access ,tao_node as node where user.user_id='2' and user.role_id=role.id and ( access.role_id=role.id  or (access.role_id=role.pid and role.pid!=0 ) ) and role.status=1 and access.node_id=node.id and node.level=3 and node.pid=40 and node.status=1 [ RunTime:0.000612s ]
SQL: select node.id,node.name from tao_role as role,tao_role_user as user,tao_access as access ,tao_node as node where user.user_id='2' and user.role_id=role.id and ( access.role_id=role.id  or (access.role_id=role.pid and role.pid!=0 ) ) and role.status=1 and access.node_id=node.id and node.level=3 and node.pid=30 and node.status=1 [ RunTime:0.000910s ]
SQL: select node.id,node.name from tao_role as role,tao_role_user as user,tao_access as access ,tao_node as node where user.user_id='2' and user.role_id=role.id and ( access.role_id=role.id  or (access.role_id=role.pid and role.pid!=0 ) ) and role.status=1 and access.node_id=node.id and node.level=2 and node.pid=1 and node.status=1 [ RunTime:0.000775s ]
SQL: select node.id,node.name from tao_role as role,tao_role_user as user,tao_access as access ,tao_node as node where user.user_id='2' and user.role_id=role.id and ( access.role_id=role.id  or (access.role_id=role.pid and role.pid!=0 ) ) and role.status=1 and access.node_id=node.id and node.level=3 and node.pid=30 and node.status=1 [ RunTime:0.001027s ]
SQL: select node.id,node.name from tao_role as role,tao_role_user as user,tao_access as access ,tao_node as node where user.user_id='2' and user.role_id=role.id and ( access.role_id=role.id  or (access.role_id=role.pid and role.pid!=0 ) ) and role.status=1 and access.node_id=node.id and node.level=3 and node.pid=40 and node.status=1 [ RunTime:0.000676s ]
SQL: select node.id,node.name from tao_role as role,tao_role_user as user,tao_access as access ,tao_node as node where user.user_id='2' and user.role_id=role.id and ( access.role_id=role.id  or (access.role_id=role.pid and role.pid!=0 ) ) and role.status=1 and access.node_id=node.id and node.level=3 and node.pid=40 and node.status=1 [ RunTime:0.000442s ]
SQL: select node.id,node.name from tao_role as role,tao_role_user as user,tao_access as access ,tao_node as node where user.user_id='2' and user.role_id=role.id and ( access.role_id=role.id  or (access.role_id=role.pid and role.pid!=0 ) ) and role.status=1 and access.node_id=node.id and node.level=3 and node.pid=30 and node.status=1 [ RunTime:0.000886s ]

[ 2013-07-24T19:57:02+08:00 ] 127.0.0.1 /taotao/admin.php/Public/checkLogin.html
INFO: [ app_begin ] --START--
INFO: Run ReadHtmlCache Behavior [ RunTime:0.001313s ]
INFO: [ app_begin ] --END-- [ RunTime:0.001427s ]
SQL: SHOW COLUMNS FROM `tao_user` [ RunTime:0.004121s ]
SQL: SELECT * FROM `tao_user` WHERE ( `username` = 'demo' ) AND ( `status` > 0 ) LIMIT 1   [ RunTime:0.000597s ]
SQL: UPDATE `tao_user` SET `last_login_time`=1374667022,`login_count`=login_count+1,`last_login_ip`='127.0.0.1' WHERE ( `id` = 2 ) [ RunTime:0.000487s ]
NOTIC: [8] Undefined index: admin D:\wamp\www\taotao\ThinkPHP\Extend\Library\ORG\Util\RBAC.class.php 第 94 行.
SQL: select node.id,node.name from tao_role as role,tao_role_user as user,tao_access as access ,tao_node as node where user.user_id='2' and user.role_id=role.id and ( access.role_id=role.id  or (access.role_id=role.pid and role.pid!=0 ) ) and role.status=1 and access.node_id=node.id and node.level=1 and node.status=1 [ RunTime:0.000653s ]
SQL: select node.id,node.name from tao_role as role,tao_role_user as user,tao_access as access ,tao_node as node where user.user_id='2' and user.role_id=role.id and ( access.role_id=role.id  or (access.role_id=role.pid and role.pid!=0 ) ) and role.status=1 and access.node_id=node.id and node.level=2 and node.pid=1 and node.status=1 [ RunTime:0.000576s ]
SQL: select node.id,node.name from tao_role as role,tao_role_user as user,tao_access as access ,tao_node as node where user.user_id='2' and user.role_id=role.id and ( access.role_id=role.id  or (access.role_id=role.pid and role.pid!=0 ) ) and role.status=1 and access.node_id=node.id and node.level=3 and node.pid=30 and node.status=1 [ RunTime:0.000518s ]
SQL: select node.id,node.name from tao_role as role,tao_role_user as user,tao_access as access ,tao_node as node where user.user_id='2' and user.role_id=role.id and ( access.role_id=role.id  or (access.role_id=role.pid and role.pid!=0 ) ) and role.status=1 and access.node_id=node.id and node.level=3 and node.pid=40 and node.status=1 [ RunTime:0.000516s ]
SQL: select node.id,node.name from tao_role as role,tao_role_user as user,tao_access as access ,tao_node as node where user.user_id='2' and user.role_id=role.id and ( access.role_id=role.id  or (access.role_id=role.pid and role.pid!=0 ) ) and role.status=1 and access.node_id=node.id and node.level=3 and node.pid=40 and node.status=1 [ RunTime:0.000546s ]
SQL: select node.id,node.name from tao_role as role,tao_role_user as user,tao_access as access ,tao_node as node where user.user_id='2' and user.role_id=role.id and ( access.role_id=role.id  or (access.role_id=role.pid and role.pid!=0 ) ) and role.status=1 and access.node_id=node.id and node.level=3 and node.pid=30 and node.status=1 [ RunTime:0.000616s ]
SQL: select node.id,node.name from tao_role as role,tao_role_user as user,tao_access as access ,tao_node as node where user.user_id='2' and user.role_id=role.id and ( access.role_id=role.id  or (access.role_id=role.pid and role.pid!=0 ) ) and role.status=1 and access.node_id=node.id and node.level=2 and node.pid=1 and node.status=1 [ RunTime:0.000559s ]
SQL: select node.id,node.name from tao_role as role,tao_role_user as user,tao_access as access ,tao_node as node where user.user_id='2' and user.role_id=role.id and ( access.role_id=role.id  or (access.role_id=role.pid and role.pid!=0 ) ) and role.status=1 and access.node_id=node.id and node.level=3 and node.pid=30 and node.status=1 [ RunTime:0.000514s ]
SQL: select node.id,node.name from tao_role as role,tao_role_user as user,tao_access as access ,tao_node as node where user.user_id='2' and user.role_id=role.id and ( access.role_id=role.id  or (access.role_id=role.pid and role.pid!=0 ) ) and role.status=1 and access.node_id=node.id and node.level=3 and node.pid=40 and node.status=1 [ RunTime:0.000417s ]
SQL: select node.id,node.name from tao_role as role,tao_role_user as user,tao_access as access ,tao_node as node where user.user_id='2' and user.role_id=role.id and ( access.role_id=role.id  or (access.role_id=role.pid and role.pid!=0 ) ) and role.status=1 and access.node_id=node.id and node.level=3 and node.pid=40 and node.status=1 [ RunTime:0.000522s ]
SQL: select node.id,node.name from tao_role as role,tao_role_user as user,tao_access as access ,tao_node as node where user.user_id='2' and user.role_id=role.id and ( access.role_id=role.id  or (access.role_id=role.pid and role.pid!=0 ) ) and role.status=1 and access.node_id=node.id and node.level=3 and node.pid=30 and node.status=1 [ RunTime:0.000517s ]

[ 2013-07-24T19:57:29+08:00 ] 127.0.0.1 /taotao/admin.php/Public/checkLogin.html
INFO: [ app_begin ] --START--
INFO: Run ReadHtmlCache Behavior [ RunTime:0.000811s ]
INFO: [ app_begin ] --END-- [ RunTime:0.000901s ]
SQL: SHOW COLUMNS FROM `tao_user` [ RunTime:0.003717s ]
SQL: SELECT * FROM `tao_user` WHERE ( `username` = 'admin' ) AND ( `status` > 0 ) LIMIT 1   [ RunTime:0.000463s ]
SQL: UPDATE `tao_user` SET `last_login_time`=1374667049,`login_count`=login_count+1,`last_login_ip`='127.0.0.1' WHERE ( `id` = 1 ) [ RunTime:0.000627s ]

[ 2013-07-24T19:57:31+08:00 ] 127.0.0.1 /taotao/admin.php/User/getData.html
INFO: [ app_begin ] --START--
INFO: Run ReadHtmlCache Behavior [ RunTime:0.000694s ]
INFO: [ app_begin ] --END-- [ RunTime:0.000771s ]
SQL: SHOW COLUMNS FROM `tao_user` [ RunTime:0.003934s ]
NOTIC: [2] Invalid argument supplied for foreach() D:\wamp\www\taotao\Admin\Common\common.php 第 38 行.
SQL: SELECT COUNT(*) AS tp_count FROM `tao_user` LIMIT 1   [ RunTime:0.000254s ]
SQL: SELECT `id`,`username`,`nickname`,`bind_account`,`last_login_time`,`last_login_ip`,`login_count`,`verify`,`email`,`remark`,`create_time`,`update_time`,`status`,`type_id`,`info` FROM `tao_user` LIMIT 0,15   [ RunTime:0.000298s ]

[ 2013-07-24T19:57:33+08:00 ] 127.0.0.1 /taotao/admin.php/Role/getData.html
INFO: [ app_begin ] --START--
INFO: Run ReadHtmlCache Behavior [ RunTime:0.000610s ]
INFO: [ app_begin ] --END-- [ RunTime:0.000678s ]
SQL: SHOW COLUMNS FROM `tao_role` [ RunTime:0.003308s ]
NOTIC: [2] Invalid argument supplied for foreach() D:\wamp\www\taotao\Admin\Common\common.php 第 38 行.
SQL: SELECT COUNT(*) AS tp_count FROM `tao_role` LIMIT 1   [ RunTime:0.000337s ]
SQL: SELECT * FROM `tao_role` LIMIT 0,15   [ RunTime:0.000325s ]

[ 2013-07-24T19:57:33+08:00 ] 127.0.0.1 /taotao/admin.php/Node/getData.html
INFO: [ app_begin ] --START--
INFO: Run ReadHtmlCache Behavior [ RunTime:0.000568s ]
INFO: [ app_begin ] --END-- [ RunTime:0.000663s ]
SQL: SHOW COLUMNS FROM `tao_node` [ RunTime:0.003972s ]
NOTIC: [2] Invalid argument supplied for foreach() D:\wamp\www\taotao\Admin\Common\common.php 第 38 行.
SQL: SELECT COUNT(*) AS tp_count FROM `tao_node` LIMIT 1   [ RunTime:0.000302s ]
SQL: SELECT * FROM `tao_node` ORDER BY sort LIMIT 0,15   [ RunTime:0.000449s ]

[ 2013-07-24T20:07:38+08:00 ] 127.0.0.1 /taotao/admin.php/Node/getData.html
INFO: [ app_begin ] --START--
INFO: Run ReadHtmlCache Behavior [ RunTime:0.001553s ]
INFO: [ app_begin ] --END-- [ RunTime:0.001653s ]
SQL: SHOW COLUMNS FROM `tao_node` [ RunTime:0.004016s ]
NOTIC: [2] Invalid argument supplied for foreach() D:\wamp\www\taotao\Admin\Common\common.php 第 38 行.
SQL: SELECT COUNT(*) AS tp_count FROM `tao_node` LIMIT 1   [ RunTime:0.000355s ]
SQL: SELECT * FROM `tao_node` ORDER BY sort LIMIT 0,15   [ RunTime:0.000455s ]

[ 2013-07-24T20:08:33+08:00 ] 127.0.0.1 /taotao/admin.php/Node/insert.html
INFO: [ app_begin ] --START--
INFO: Run ReadHtmlCache Behavior [ RunTime:0.002011s ]
INFO: [ app_begin ] --END-- [ RunTime:0.002097s ]
SQL: SHOW COLUMNS FROM `tao_node` [ RunTime:0.003887s ]
SQL: INSERT INTO `tao_node` (`name`,`title`,`pid`,`level`,`status`,`sort`) VALUES ('Sysinfo','系统基本参数',85,2,1,1) [ RunTime:0.000462s ]

[ 2013-07-24T20:17:52+08:00 ] 127.0.0.1 /taotao/admin.php/Index/index.html
ERR: 无法加载模块:Index

[ 2013-07-24T20:19:42+08:00 ] 127.0.0.1 /taotao/admin.php/Public/checkLogin.html
INFO: [ app_begin ] --START--
INFO: Run ReadHtmlCache Behavior [ RunTime:0.000947s ]
INFO: [ app_begin ] --END-- [ RunTime:0.001008s ]
SQL: SHOW COLUMNS FROM `tao_user` [ RunTime:0.003659s ]
SQL: SELECT * FROM `tao_user` WHERE ( `username` = 'admin' ) AND ( `status` > 0 ) LIMIT 1   [ RunTime:0.000463s ]
SQL: UPDATE `tao_user` SET `last_login_time`=1374668382,`login_count`=login_count+1,`last_login_ip`='127.0.0.1' WHERE ( `id` = 1 ) [ RunTime:0.000355s ]

[ 2013-07-24T20:19:45+08:00 ] 127.0.0.1 /taotao/admin.php/Sysinfo/index
ERR: 无法加载模块:Sysinfo

[ 2013-07-24T20:21:11+08:00 ] 127.0.0.1 /taotao/admin.php/Sysinfo/index
ERR: 非法操作:index

[ 2013-07-24T20:23:32+08:00 ] 127.0.0.1 /taotao/admin.php/Sysinfo/index
ERR: 非法操作:index

[ 2013-07-24T20:23:35+08:00 ] 127.0.0.1 /taotao/admin.php/Sysinfo/index
ERR: 非法操作:index

[ 2013-07-24T21:18:25+08:00 ] 127.0.0.1 /taotao/admin.php/Public/checkLogin.html
INFO: [ app_begin ] --START--
INFO: Run ReadHtmlCache Behavior [ RunTime:0.002225s ]
INFO: [ app_begin ] --END-- [ RunTime:0.002317s ]
SQL: SHOW COLUMNS FROM `tao_user` [ RunTime:0.004845s ]
SQL: SELECT * FROM `tao_user` WHERE ( `username` = 'admin' ) AND ( `status` > 0 ) LIMIT 1   [ RunTime:0.000519s ]
SQL: UPDATE `tao_user` SET `last_login_time`=1374671905,`login_count`=login_count+1,`last_login_ip`='127.0.0.1' WHERE ( `id` = 1 ) [ RunTime:0.000326s ]

[ 2013-07-24T21:34:56+08:00 ] 127.0.0.1 /taotao/admin.php/User/getData.html
INFO: [ app_begin ] --START--
INFO: Run ReadHtmlCache Behavior [ RunTime:0.001800s ]
INFO: [ app_begin ] --END-- [ RunTime:0.001889s ]
SQL: SHOW COLUMNS FROM `tao_user` [ RunTime:0.004733s ]
NOTIC: [2] Invalid argument supplied for foreach() D:\wamp\www\taotao\Admin\Common\common.php 第 38 行.
SQL: SELECT COUNT(*) AS tp_count FROM `tao_user` LIMIT 1   [ RunTime:0.000329s ]
SQL: SELECT `id`,`username`,`nickname`,`bind_account`,`last_login_time`,`last_login_ip`,`login_count`,`verify`,`email`,`remark`,`create_time`,`update_time`,`status`,`type_id`,`info` FROM `tao_user` LIMIT 0,15   [ RunTime:0.000501s ]

[ 2013-07-24T23:04:08+08:00 ] 127.0.0.1 /taotao/admin.php/Public/checkLogin.html
INFO: [ app_begin ] --START--
INFO: Run ReadHtmlCache Behavior [ RunTime:0.000752s ]
INFO: [ app_begin ] --END-- [ RunTime:0.000811s ]
SQL: SHOW COLUMNS FROM `tao_user` [ RunTime:0.004602s ]
SQL: SELECT * FROM `tao_user` WHERE ( `username` = 'admin' ) AND ( `status` > 0 ) LIMIT 1   [ RunTime:0.000591s ]
SQL: UPDATE `tao_user` SET `last_login_time`=1374678248,`login_count`=login_count+1,`last_login_ip`='127.0.0.1' WHERE ( `id` = 1 ) [ RunTime:0.000412s ]

[ 2013-07-24T23:04:13+08:00 ] 127.0.0.1 /taotao/admin.php/Node/getData.html
INFO: [ app_begin ] --START--
INFO: Run ReadHtmlCache Behavior [ RunTime:0.000573s ]
INFO: [ app_begin ] --END-- [ RunTime:0.000638s ]
SQL: SHOW COLUMNS FROM `tao_node` [ RunTime:0.003818s ]
NOTIC: [2] Invalid argument supplied for foreach() D:\wamp\www\taotao\Admin\Common\common.php 第 38 行.
SQL: SELECT COUNT(*) AS tp_count FROM `tao_node` LIMIT 1   [ RunTime:0.000224s ]
SQL: SELECT * FROM `tao_node` ORDER BY sort LIMIT 0,15   [ RunTime:0.000307s ]

[ 2013-07-24T23:04:14+08:00 ] 127.0.0.1 /taotao/admin.php/Role/getData.html
INFO: [ app_begin ] --START--
INFO: Run ReadHtmlCache Behavior [ RunTime:0.001033s ]
INFO: [ app_begin ] --END-- [ RunTime:0.001138s ]
SQL: SHOW COLUMNS FROM `tao_role` [ RunTime:0.004018s ]
NOTIC: [2] Invalid argument supplied for foreach() D:\wamp\www\taotao\Admin\Common\common.php 第 38 行.
SQL: SELECT COUNT(*) AS tp_count FROM `tao_role` LIMIT 1   [ RunTime:0.000312s ]
SQL: SELECT * FROM `tao_role` LIMIT 0,15   [ RunTime:0.000328s ]

[ 2013-07-24T23:04:15+08:00 ] 127.0.0.1 /taotao/admin.php/User/getData.html
INFO: [ app_begin ] --START--
INFO: Run ReadHtmlCache Behavior [ RunTime:0.000567s ]
INFO: [ app_begin ] --END-- [ RunTime:0.000625s ]
SQL: SHOW COLUMNS FROM `tao_user` [ RunTime:0.003387s ]
NOTIC: [2] Invalid argument supplied for foreach() D:\wamp\www\taotao\Admin\Common\common.php 第 38 行.
SQL: SELECT COUNT(*) AS tp_count FROM `tao_user` LIMIT 1   [ RunTime:0.000216s ]
SQL: SELECT `id`,`username`,`nickname`,`bind_account`,`last_login_time`,`last_login_ip`,`login_count`,`verify`,`email`,`remark`,`create_time`,`update_time`,`status`,`type_id`,`info` FROM `tao_user` LIMIT 0,15   [ RunTime:0.000299s ]

[ 2013-07-24T23:18:00+08:00 ] 127.0.0.1 /taotao/admin.php/Role/getData.html
INFO: [ app_begin ] --START--
INFO: Run ReadHtmlCache Behavior [ RunTime:0.000609s ]
INFO: [ app_begin ] --END-- [ RunTime:0.000666s ]
SQL: SHOW COLUMNS FROM `tao_role` [ RunTime:0.004305s ]
NOTIC: [2] Invalid argument supplied for foreach() D:\wamp\www\taotao\Admin\Common\common.php 第 38 行.
SQL: SELECT COUNT(*) AS tp_count FROM `tao_role` LIMIT 1   [ RunTime:0.000258s ]
SQL: SELECT * FROM `tao_role` LIMIT 0,15   [ RunTime:0.000294s ]

[ 2013-07-24T23:18:01+08:00 ] 127.0.0.1 /taotao/admin.php/Node/getData.html
INFO: [ app_begin ] --START--
INFO: Run ReadHtmlCache Behavior [ RunTime:0.000616s ]
INFO: [ app_begin ] --END-- [ RunTime:0.000680s ]
SQL: SHOW COLUMNS FROM `tao_node` [ RunTime:0.004772s ]
NOTIC: [2] Invalid argument supplied for foreach() D:\wamp\www\taotao\Admin\Common\common.php 第 38 行.
SQL: SELECT COUNT(*) AS tp_count FROM `tao_node` LIMIT 1   [ RunTime:0.000231s ]
SQL: SELECT * FROM `tao_node` ORDER BY sort LIMIT 0,15   [ RunTime:0.000375s ]

[ 2013-07-24T23:18:17+08:00 ] 127.0.0.1 /taotao/admin.php/Public/updatePosition.html?x=117&y=51&id=1
INFO: [ app_begin ] --START--
INFO: Run ReadHtmlCache Behavior [ RunTime:0.001025s ]
INFO: [ app_begin ] --END-- [ RunTime:0.001116s ]
SQL: SHOW COLUMNS FROM `tao_notes` [ RunTime:0.003661s ]
SQL: UPDATE `tao_notes` SET `left`=117,`top`=51 WHERE ( id=1 ) [ RunTime:0.000421s ]

[ 2013-07-24T23:21:02+08:00 ] 127.0.0.1 /taotao/admin.php/Node/getData.html
INFO: [ app_begin ] --START--
INFO: Run ReadHtmlCache Behavior [ RunTime:0.000831s ]
INFO: [ app_begin ] --END-- [ RunTime:0.000920s ]
SQL: SHOW COLUMNS FROM `tao_node` [ RunTime:0.003262s ]
NOTIC: [2] Invalid argument supplied for foreach() D:\wamp\www\taotao\Admin\Common\common.php 第 38 行.
SQL: SELECT COUNT(*) AS tp_count FROM `tao_node` LIMIT 1   [ RunTime:0.000196s ]
SQL: SELECT * FROM `tao_node` ORDER BY sort LIMIT 0,15   [ RunTime:0.000313s ]

[ 2013-07-24T23:22:07+08:00 ] 127.0.0.1 /taotao/admin.php/Node/insert.html
INFO: [ app_begin ] --START--
INFO: Run ReadHtmlCache Behavior [ RunTime:0.000822s ]
INFO: [ app_begin ] --END-- [ RunTime:0.000882s ]
SQL: SHOW COLUMNS FROM `tao_node` [ RunTime:0.004077s ]
SQL: INSERT INTO `tao_node` (`name`,`title`,`pid`,`level`,`status`,`sort`) VALUES ('add','增加新节点页面',2,3,1,1) [ RunTime:0.000459s ]

[ 2013-07-24T23:24:29+08:00 ] 127.0.0.1 /taotao/admin.php/Node/insert.html
INFO: [ app_begin ] --START--
INFO: Run ReadHtmlCache Behavior [ RunTime:0.000837s ]
INFO: [ app_begin ] --END-- [ RunTime:0.000895s ]
SQL: SHOW COLUMNS FROM `tao_node` [ RunTime:0.004280s ]
SQL: INSERT INTO `tao_node` (`name`,`title`,`pid`,`level`,`status`,`sort`) VALUES ('insert','写入操作',2,3,1,2) [ RunTime:0.000450s ]

[ 2013-07-24T23:24:52+08:00 ] 127.0.0.1 /taotao/admin.php/Node/insert.html
INFO: [ app_begin ] --START--
INFO: Run ReadHtmlCache Behavior [ RunTime:0.000754s ]
INFO: [ app_begin ] --END-- [ RunTime:0.000810s ]
SQL: SHOW COLUMNS FROM `tao_node` [ RunTime:0.005153s ]
SQL: INSERT INTO `tao_node` (`name`,`title`,`pid`,`level`,`status`,`sort`) VALUES ('edit','编辑页面',2,3,1,3) [ RunTime:0.000532s ]

[ 2013-07-24T23:25:06+08:00 ] 127.0.0.1 /taotao/admin.php/Node/insert.html
INFO: [ app_begin ] --START--
INFO: Run ReadHtmlCache Behavior [ RunTime:0.000748s ]
INFO: [ app_begin ] --END-- [ RunTime:0.000801s ]
SQL: SHOW COLUMNS FROM `tao_node` [ RunTime:0.003743s ]
SQL: INSERT INTO `tao_node` (`name`,`title`,`pid`,`level`,`status`,`sort`) VALUES ('update','更新操作',2,3,1,4) [ RunTime:0.000499s ]

[ 2013-07-24T23:25:26+08:00 ] 127.0.0.1 /taotao/admin.php/Node/insert.html
INFO: [ app_begin ] --START--
INFO: Run ReadHtmlCache Behavior [ RunTime:0.001073s ]
INFO: [ app_begin ] --END-- [ RunTime:0.001164s ]
SQL: SHOW COLUMNS FROM `tao_node` [ RunTime:0.003725s ]
SQL: INSERT INTO `tao_node` (`name`,`title`,`pid`,`level`,`status`,`sort`) VALUES ('delete','删除操作',2,3,1,5) [ RunTime:0.001394s ]

[ 2013-07-24T23:25:42+08:00 ] 127.0.0.1 /taotao/admin.php/Node/insert.html
INFO: [ app_begin ] --START--
INFO: Run ReadHtmlCache Behavior [ RunTime:0.000562s ]
INFO: [ app_begin ] --END-- [ RunTime:0.000621s ]
SQL: SHOW COLUMNS FROM `tao_node` [ RunTime:0.004023s ]
SQL: INSERT INTO `tao_node` (`name`,`title`,`pid`,`level`,`status`,`sort`) VALUES ('index','列表页面',2,3,1,6) [ RunTime:0.000496s ]

[ 2013-07-24T23:26:02+08:00 ] 127.0.0.1 /taotao/admin.php/Node/getData.html
INFO: [ app_begin ] --START--
INFO: Run ReadHtmlCache Behavior [ RunTime:0.000627s ]
INFO: [ app_begin ] --END-- [ RunTime:0.000685s ]
SQL: SHOW COLUMNS FROM `tao_node` [ RunTime:0.003939s ]
NOTIC: [2] Invalid argument supplied for foreach() D:\wamp\www\taotao\Admin\Common\common.php 第 38 行.
SQL: SELECT COUNT(*) AS tp_count FROM `tao_node` LIMIT 1   [ RunTime:0.000233s ]
SQL: SELECT * FROM `tao_node` ORDER BY sort LIMIT 0,15   [ RunTime:0.000396s ]

[ 2013-07-24T23:26:04+08:00 ] 127.0.0.1 /taotao/admin.php/Node/getData.html
INFO: [ app_begin ] --START--
INFO: Run ReadHtmlCache Behavior [ RunTime:0.000562s ]
INFO: [ app_begin ] --END-- [ RunTime:0.000623s ]
SQL: SHOW COLUMNS FROM `tao_node` [ RunTime:0.003784s ]
NOTIC: [2] Invalid argument supplied for foreach() D:\wamp\www\taotao\Admin\Common\common.php 第 38 行.
SQL: SELECT COUNT(*) AS tp_count FROM `tao_node` LIMIT 1   [ RunTime:0.000249s ]
SQL: SELECT * FROM `tao_node` ORDER BY sort LIMIT 15,15   [ RunTime:0.000446s ]

[ 2013-07-24T23:26:06+08:00 ] 127.0.0.1 /taotao/admin.php/Node/getData.html
INFO: [ app_begin ] --START--
INFO: Run ReadHtmlCache Behavior [ RunTime:0.000918s ]
INFO: [ app_begin ] --END-- [ RunTime:0.000994s ]
SQL: SHOW COLUMNS FROM `tao_node` [ RunTime:0.004184s ]
NOTIC: [2] Invalid argument supplied for foreach() D:\wamp\www\taotao\Admin\Common\common.php 第 38 行.
SQL: SELECT COUNT(*) AS tp_count FROM `tao_node` LIMIT 1   [ RunTime:0.000241s ]
SQL: SELECT * FROM `tao_node` ORDER BY sort LIMIT 0,15   [ RunTime:0.000587s ]

[ 2013-07-24T23:26:23+08:00 ] 127.0.0.1 /taotao/admin.php/Node/getData.html
INFO: [ app_begin ] --START--
INFO: Run ReadHtmlCache Behavior [ RunTime:0.000628s ]
INFO: [ app_begin ] --END-- [ RunTime:0.000691s ]
SQL: SHOW COLUMNS FROM `tao_node` [ RunTime:0.004103s ]
NOTIC: [2] Invalid argument supplied for foreach() D:\wamp\www\taotao\Admin\Common\common.php 第 38 行.
SQL: SELECT COUNT(*) AS tp_count FROM `tao_node` LIMIT 1   [ RunTime:0.000240s ]
SQL: SELECT * FROM `tao_node` ORDER BY sort LIMIT 15,15   [ RunTime:0.000404s ]

[ 2013-07-24T23:26:25+08:00 ] 127.0.0.1 /taotao/admin.php/Node/getData.html
INFO: [ app_begin ] --START--
INFO: Run ReadHtmlCache Behavior [ RunTime:0.001103s ]
INFO: [ app_begin ] --END-- [ RunTime:0.001225s ]
SQL: SHOW COLUMNS FROM `tao_node` [ RunTime:0.003966s ]
NOTIC: [2] Invalid argument supplied for foreach() D:\wamp\www\taotao\Admin\Common\common.php 第 38 行.
SQL: SELECT COUNT(*) AS tp_count FROM `tao_node` LIMIT 1   [ RunTime:0.000224s ]
SQL: SELECT * FROM `tao_node` ORDER BY sort LIMIT 15,15   [ RunTime:0.000341s ]

[ 2013-07-24T23:26:26+08:00 ] 127.0.0.1 /taotao/admin.php/Node/getData.html
INFO: [ app_begin ] --START--
INFO: Run ReadHtmlCache Behavior [ RunTime:0.000626s ]
INFO: [ app_begin ] --END-- [ RunTime:0.000697s ]
SQL: SHOW COLUMNS FROM `tao_node` [ RunTime:0.003899s ]
NOTIC: [2] Invalid argument supplied for foreach() D:\wamp\www\taotao\Admin\Common\common.php 第 38 行.
SQL: SELECT COUNT(*) AS tp_count FROM `tao_node` LIMIT 1   [ RunTime:0.000262s ]
SQL: SELECT * FROM `tao_node` ORDER BY sort LIMIT 15,15   [ RunTime:0.000382s ]

[ 2013-07-24T23:26:29+08:00 ] 127.0.0.1 /taotao/admin.php/Node/getData.html
INFO: [ app_begin ] --START--
INFO: Run ReadHtmlCache Behavior [ RunTime:0.000880s ]
INFO: [ app_begin ] --END-- [ RunTime:0.000979s ]
SQL: SHOW COLUMNS FROM `tao_node` [ RunTime:0.003635s ]
NOTIC: [2] Invalid argument supplied for foreach() D:\wamp\www\taotao\Admin\Common\common.php 第 38 行.
SQL: SELECT COUNT(*) AS tp_count FROM `tao_node` LIMIT 1   [ RunTime:0.000234s ]
SQL: SELECT * FROM `tao_node` ORDER BY sort LIMIT 0,15   [ RunTime:0.000364s ]

[ 2013-07-24T23:26:32+08:00 ] 127.0.0.1 /taotao/admin.php/Node/getData.html
INFO: [ app_begin ] --START--
INFO: Run ReadHtmlCache Behavior [ RunTime:0.001047s ]
INFO: [ app_begin ] --END-- [ RunTime:0.001135s ]
SQL: SHOW COLUMNS FROM `tao_node` [ RunTime:0.003604s ]
NOTIC: [2] Invalid argument supplied for foreach() D:\wamp\www\taotao\Admin\Common\common.php 第 38 行.
SQL: SELECT COUNT(*) AS tp_count FROM `tao_node` LIMIT 1   [ RunTime:0.000368s ]
SQL: SELECT * FROM `tao_node` ORDER BY sort LIMIT 0,50   [ RunTime:0.000419s ]

[ 2013-07-24T23:27:02+08:00 ] 127.0.0.1 /taotao/admin.php/Node/getData.html
INFO: [ app_begin ] --START--
INFO: Run ReadHtmlCache Behavior [ RunTime:0.000664s ]
INFO: [ app_begin ] --END-- [ RunTime:0.000728s ]
SQL: SHOW COLUMNS FROM `tao_node` [ RunTime:0.003486s ]
NOTIC: [2] Invalid argument supplied for foreach() D:\wamp\www\taotao\Admin\Common\common.php 第 38 行.
SQL: SELECT COUNT(*) AS tp_count FROM `tao_node` LIMIT 1   [ RunTime:0.000256s ]
SQL: SELECT * FROM `tao_node` ORDER BY sort LIMIT 0,50   [ RunTime:0.000408s ]

[ 2013-07-24T23:27:18+08:00 ] 127.0.0.1 /taotao/admin.php/Node/getData.html
INFO: [ app_begin ] --START--
INFO: Run ReadHtmlCache Behavior [ RunTime:0.000556s ]
INFO: [ app_begin ] --END-- [ RunTime:0.000614s ]
SQL: SHOW COLUMNS FROM `tao_node` [ RunTime:0.004564s ]
NOTIC: [2] Invalid argument supplied for foreach() D:\wamp\www\taotao\Admin\Common\common.php 第 38 行.
SQL: SELECT COUNT(*) AS tp_count FROM `tao_node` LIMIT 1   [ RunTime:0.000299s ]
SQL: SELECT * FROM `tao_node` ORDER BY sort LIMIT 0,20   [ RunTime:0.000547s ]

[ 2013-07-24T23:27:22+08:00 ] 127.0.0.1 /taotao/admin.php/Node/getData.html
INFO: [ app_begin ] --START--
INFO: Run ReadHtmlCache Behavior [ RunTime:0.001127s ]
INFO: [ app_begin ] --END-- [ RunTime:0.001272s ]
SQL: SHOW COLUMNS FROM `tao_node` [ RunTime:0.004140s ]
NOTIC: [2] Invalid argument supplied for foreach() D:\wamp\www\taotao\Admin\Common\common.php 第 38 行.
SQL: SELECT COUNT(*) AS tp_count FROM `tao_node` LIMIT 1   [ RunTime:0.000262s ]
SQL: SELECT * FROM `tao_node` ORDER BY sort LIMIT 0,10   [ RunTime:0.000339s ]

[ 2013-07-24T23:27:25+08:00 ] 127.0.0.1 /taotao/admin.php/Node/getData.html
INFO: [ app_begin ] --START--
INFO: Run ReadHtmlCache Behavior [ RunTime:0.000624s ]
INFO: [ app_begin ] --END-- [ RunTime:0.000679s ]
SQL: SHOW COLUMNS FROM `tao_node` [ RunTime:0.003939s ]
NOTIC: [2] Invalid argument supplied for foreach() D:\wamp\www\taotao\Admin\Common\common.php 第 38 行.
SQL: SELECT COUNT(*) AS tp_count FROM `tao_node` LIMIT 1   [ RunTime:0.000238s ]
SQL: SELECT * FROM `tao_node` ORDER BY sort LIMIT 10,10   [ RunTime:0.000382s ]

[ 2013-07-24T23:27:29+08:00 ] 127.0.0.1 /taotao/admin.php/Node/getData.html
INFO: [ app_begin ] --START--
INFO: Run ReadHtmlCache Behavior [ RunTime:0.000668s ]
INFO: [ app_begin ] --END-- [ RunTime:0.000732s ]
SQL: SHOW COLUMNS FROM `tao_node` [ RunTime:0.003538s ]
NOTIC: [2] Invalid argument supplied for foreach() D:\wamp\www\taotao\Admin\Common\common.php 第 38 行.
SQL: SELECT COUNT(*) AS tp_count FROM `tao_node` LIMIT 1   [ RunTime:0.000349s ]
SQL: SELECT * FROM `tao_node` ORDER BY sort LIMIT 10,10   [ RunTime:0.000401s ]

[ 2013-07-24T23:27:47+08:00 ] 127.0.0.1 /taotao/admin.php/Node/getData.html
INFO: [ app_begin ] --START--
INFO: Run ReadHtmlCache Behavior [ RunTime:0.001120s ]
INFO: [ app_begin ] --END-- [ RunTime:0.001195s ]
SQL: SHOW COLUMNS FROM `tao_node` [ RunTime:0.004366s ]
NOTIC: [2] Invalid argument supplied for foreach() D:\wamp\www\taotao\Admin\Common\common.php 第 38 行.
SQL: SELECT COUNT(*) AS tp_count FROM `tao_node` LIMIT 1   [ RunTime:0.000362s ]
SQL: SELECT * FROM `tao_node` ORDER BY sort LIMIT 20,10   [ RunTime:0.000564s ]

[ 2013-07-24T23:27:56+08:00 ] 127.0.0.1 /taotao/admin.php/Node/getData.html
INFO: [ app_begin ] --START--
INFO: Run ReadHtmlCache Behavior [ RunTime:0.000692s ]
INFO: [ app_begin ] --END-- [ RunTime:0.000756s ]
SQL: SHOW COLUMNS FROM `tao_node` [ RunTime:0.004133s ]
NOTIC: [2] Invalid argument supplied for foreach() D:\wamp\www\taotao\Admin\Common\common.php 第 38 行.
SQL: SELECT COUNT(*) AS tp_count FROM `tao_node` LIMIT 1   [ RunTime:0.000245s ]
SQL: SELECT * FROM `tao_node` ORDER BY sort LIMIT 10,10   [ RunTime:0.000519s ]

[ 2013-07-24T23:27:57+08:00 ] 127.0.0.1 /taotao/admin.php/Node/getData.html
INFO: [ app_begin ] --START--
INFO: Run ReadHtmlCache Behavior [ RunTime:0.000708s ]
INFO: [ app_begin ] --END-- [ RunTime:0.000766s ]
SQL: SHOW COLUMNS FROM `tao_node` [ RunTime:0.004828s ]
NOTIC: [2] Invalid argument supplied for foreach() D:\wamp\www\taotao\Admin\Common\common.php 第 38 行.
SQL: SELECT COUNT(*) AS tp_count FROM `tao_node` LIMIT 1   [ RunTime:0.000573s ]
SQL: SELECT * FROM `tao_node` ORDER BY sort LIMIT 0,10   [ RunTime:0.000485s ]

[ 2013-07-24T23:27:59+08:00 ] 127.0.0.1 /taotao/admin.php/Node/getData.html
INFO: [ app_begin ] --START--
INFO: Run ReadHtmlCache Behavior [ RunTime:0.000796s ]
INFO: [ app_begin ] --END-- [ RunTime:0.000855s ]
SQL: SHOW COLUMNS FROM `tao_node` [ RunTime:0.003901s ]
NOTIC: [2] Invalid argument supplied for foreach() D:\wamp\www\taotao\Admin\Common\common.php 第 38 行.
SQL: SELECT COUNT(*) AS tp_count FROM `tao_node` LIMIT 1   [ RunTime:0.000399s ]
SQL: SELECT * FROM `tao_node` ORDER BY sort LIMIT 0,10   [ RunTime:0.000449s ]

[ 2013-07-24T23:29:05+08:00 ] 127.0.0.1 /taotao/admin.php/Node/getData.html
INFO: [ app_begin ] --START--
INFO: Run ReadHtmlCache Behavior [ RunTime:0.001120s ]
INFO: [ app_begin ] --END-- [ RunTime:0.001251s ]
SQL: SHOW COLUMNS FROM `tao_node` [ RunTime:0.004382s ]
NOTIC: [2] Invalid argument supplied for foreach() D:\wamp\www\taotao\Admin\Common\common.php 第 38 行.
SQL: SELECT COUNT(*) AS tp_count FROM `tao_node` LIMIT 1   [ RunTime:0.000232s ]
SQL: SELECT * FROM `tao_node` ORDER BY sort LIMIT 0,15   [ RunTime:0.000337s ]

[ 2013-07-24T23:29:08+08:00 ] 127.0.0.1 /taotao/admin.php/Node/getData.html
INFO: [ app_begin ] --START--
INFO: Run ReadHtmlCache Behavior [ RunTime:0.001214s ]
INFO: [ app_begin ] --END-- [ RunTime:0.001365s ]
SQL: SHOW COLUMNS FROM `tao_node` [ RunTime:0.003741s ]
NOTIC: [2] Invalid argument supplied for foreach() D:\wamp\www\taotao\Admin\Common\common.php 第 38 行.
SQL: SELECT COUNT(*) AS tp_count FROM `tao_node` LIMIT 1   [ RunTime:0.000424s ]
SQL: SELECT * FROM `tao_node` ORDER BY sort LIMIT 0,50   [ RunTime:0.000537s ]

[ 2013-07-24T23:29:21+08:00 ] 127.0.0.1 /taotao/admin.php/Node/getData.html
INFO: [ app_begin ] --START--
INFO: Run ReadHtmlCache Behavior [ RunTime:0.001058s ]
INFO: [ app_begin ] --END-- [ RunTime:0.001143s ]
SQL: SHOW COLUMNS FROM `tao_node` [ RunTime:0.003768s ]
NOTIC: [2] Invalid argument supplied for foreach() D:\wamp\www\taotao\Admin\Common\common.php 第 38 行.
SQL: SELECT COUNT(*) AS tp_count FROM `tao_node` LIMIT 1   [ RunTime:0.000242s ]
SQL: SELECT * FROM `tao_node` ORDER BY sort LIMIT 0,20   [ RunTime:0.000372s ]

[ 2013-07-24T23:29:28+08:00 ] 127.0.0.1 /taotao/admin.php/Node/getData.html
INFO: [ app_begin ] --START--
INFO: Run ReadHtmlCache Behavior [ RunTime:0.000788s ]
INFO: [ app_begin ] --END-- [ RunTime:0.000870s ]
SQL: SHOW COLUMNS FROM `tao_node` [ RunTime:0.003550s ]
NOTIC: [2] Invalid argument supplied for foreach() D:\wamp\www\taotao\Admin\Common\common.php 第 38 行.
SQL: SELECT COUNT(*) AS tp_count FROM `tao_node` LIMIT 1   [ RunTime:0.000288s ]
SQL: SELECT * FROM `tao_node` ORDER BY sort LIMIT 0,10   [ RunTime:0.000322s ]

[ 2013-07-24T23:33:59+08:00 ] 127.0.0.1 /taotao/admin.php/Node/getData.html
INFO: [ app_begin ] --START--
INFO: Run ReadHtmlCache Behavior [ RunTime:0.000732s ]
INFO: [ app_begin ] --END-- [ RunTime:0.000830s ]
SQL: SHOW COLUMNS FROM `tao_node` [ RunTime:0.003994s ]
NOTIC: [2] Invalid argument supplied for foreach() D:\wamp\www\taotao\Admin\Common\common.php 第 38 行.
SQL: SELECT COUNT(*) AS tp_count FROM `tao_node` LIMIT 1   [ RunTime:0.000186s ]
SQL: SELECT * FROM `tao_node` ORDER BY sort LIMIT 0,15   [ RunTime:0.000308s ]

[ 2013-07-24T23:34:01+08:00 ] 127.0.0.1 /taotao/admin.php/Node/getData.html
INFO: [ app_begin ] --START--
INFO: Run ReadHtmlCache Behavior [ RunTime:0.001371s ]
INFO: [ app_begin ] --END-- [ RunTime:0.001484s ]
SQL: SHOW COLUMNS FROM `tao_node` [ RunTime:0.004114s ]
NOTIC: [2] Invalid argument supplied for foreach() D:\wamp\www\taotao\Admin\Common\common.php 第 38 行.
SQL: SELECT COUNT(*) AS tp_count FROM `tao_node` LIMIT 1   [ RunTime:0.000249s ]
SQL: SELECT * FROM `tao_node` ORDER BY sort LIMIT 0,40   [ RunTime:0.000388s ]

[ 2013-07-24T23:34:24+08:00 ] 127.0.0.1 /taotao/admin.php/Node/getData.html
INFO: [ app_begin ] --START--
INFO: Run ReadHtmlCache Behavior [ RunTime:0.000764s ]
INFO: [ app_begin ] --END-- [ RunTime:0.000831s ]
SQL: SHOW COLUMNS FROM `tao_node` [ RunTime:0.004682s ]
NOTIC: [2] Invalid argument supplied for foreach() D:\wamp\www\taotao\Admin\Common\common.php 第 38 行.
SQL: SELECT COUNT(*) AS tp_count FROM `tao_node` LIMIT 1   [ RunTime:0.000244s ]
SQL: SELECT * FROM `tao_node` ORDER BY sort LIMIT 0,50   [ RunTime:0.000383s ]

