[ 2013-07-28T22:46:43+08:00 ] 127.0.0.1 /TaoCMS/index.php/admin/
INFO: [ app_begin ] --START--
INFO: Run ReadHtmlCache Behavior [ RunTime:0.000600s ]
INFO: [ app_begin ] --END-- [ RunTime:0.000679s ]

[ 2013-07-28T22:46:43+08:00 ] 127.0.0.1 /TaoCMS/index.php/admin/Public/login.html
INFO: [ app_begin ] --START--
INFO: Run ReadHtmlCache Behavior [ RunTime:0.000685s ]
INFO: [ app_begin ] --END-- [ RunTime:0.000746s ]
INFO: [ view_template ] --START--
INFO: Run LocationTemplate Behavior [ RunTime:0.030803s ]
INFO: [ view_template ] --END-- [ RunTime:0.030903s ]
INFO: [ view_parse ] --START--
INFO: Run ParseTemplate Behavior [ RunTime:0.057693s ]
INFO: [ view_parse ] --END-- [ RunTime:0.057792s ]
INFO: [ view_filter ] --START--
INFO: Run ContentReplace Behavior [ RunTime:0.001931s ]
INFO: Run TokenBuild Behavior [ RunTime:0.013997s ]
INFO: Run WriteHtmlCache Behavior [ RunTime:0.013085s ]
INFO: Run ShowRuntime Behavior [ RunTime:0.001655s ]
INFO: [ view_filter ] --END-- [ RunTime:0.030985s ]
INFO: [ view_end ] --START--
INFO: Run ShowPageTrace Behavior [ RunTime:0.009462s ]
INFO: [ view_end ] --END-- [ RunTime:0.009562s ]

[ 2013-07-28T22:46:43+08:00 ] 127.0.0.1 /TaoCMS/index.php/admin/Public/verify.html
INFO: [ app_begin ] --START--
INFO: Run ReadHtmlCache Behavior [ RunTime:0.001238s ]
INFO: [ app_begin ] --END-- [ RunTime:0.001380s ]

[ 2013-07-28T22:47:44+08:00 ] 127.0.0.1 /TaoCMS/index.php/admin/Public/login.html
INFO: [ app_begin ] --START--
INFO: Run ReadHtmlCache Behavior [ RunTime:0.000663s ]
INFO: [ app_begin ] --END-- [ RunTime:0.000776s ]
INFO: [ view_template ] --START--
INFO: Run LocationTemplate Behavior [ RunTime:0.000940s ]
INFO: [ view_template ] --END-- [ RunTime:0.001007s ]
INFO: [ view_parse ] --START--
INFO: Run ParseTemplate Behavior [ RunTime:0.018992s ]
INFO: [ view_parse ] --END-- [ RunTime:0.019081s ]
INFO: [ view_filter ] --START--
INFO: Run ContentReplace Behavior [ RunTime:0.000910s ]
INFO: Run TokenBuild Behavior [ RunTime:0.000963s ]
INFO: Run WriteHtmlCache Behavior [ RunTime:0.000980s ]
INFO: Run ShowRuntime Behavior [ RunTime:0.000727s ]
INFO: [ view_filter ] --END-- [ RunTime:0.003748s ]
INFO: [ view_end ] --START--
INFO: Run ShowPageTrace Behavior [ RunTime:0.001377s ]
INFO: [ view_end ] --END-- [ RunTime:0.001438s ]

[ 2013-07-28T22:47:44+08:00 ] 127.0.0.1 /TaoCMS/index.php/admin/Public/verify.html
INFO: [ app_begin ] --START--
INFO: Run ReadHtmlCache Behavior [ RunTime:0.003030s ]
INFO: [ app_begin ] --END-- [ RunTime:0.003163s ]

[ 2013-07-28T22:47:55+08:00 ] 127.0.0.1 /TaoCMS/index.php/admin/Public/checkLogin.html
INFO: [ app_begin ] --START--
INFO: Run ReadHtmlCache Behavior [ RunTime:0.001104s ]
INFO: [ app_begin ] --END-- [ RunTime:0.001218s ]
SQL: SELECT * FROM `tao_` WHERE ( `username` = 'admin' ) AND ( `status` > 0 ) LIMIT 1   [ RunTime:0.023040s ]
ERR: 1146:Table 'taocms.tao_' doesn't exist
 [ SQL语句 ] : SELECT * FROM `tao_` WHERE ( `username` = 'admin' ) AND ( `status` > 0 ) LIMIT 1  

[ 2013-07-28T22:56:24+08:00 ] 127.0.0.1 /TaoCMS/index.php/admin/Public/checkLogin.html
INFO: [ app_begin ] --START--
INFO: Run ReadHtmlCache Behavior [ RunTime:0.000876s ]
INFO: [ app_begin ] --END-- [ RunTime:0.000946s ]
SQL: SELECT * FROM `tao_` WHERE ( `username` = 'admin' ) AND ( `status` > 0 ) LIMIT 1   [ RunTime:0.000792s ]
ERR: 1146:Table 'taocms.tao_' doesn't exist
 [ SQL语句 ] : SELECT * FROM `tao_` WHERE ( `username` = 'admin' ) AND ( `status` > 0 ) LIMIT 1  

[ 2013-07-28T22:58:07+08:00 ] 127.0.0.1 /TaoCMS/index.php/admin/Public/checkLogin.html
INFO: [ app_begin ] --START--
INFO: Run ReadHtmlCache Behavior [ RunTime:0.000739s ]
INFO: [ app_begin ] --END-- [ RunTime:0.000828s ]
SQL: SHOW COLUMNS FROM `tao_user` [ RunTime:0.400423s ]
SQL: SELECT * FROM `tao_user` WHERE ( `username` = 'admin' ) AND ( `status` > 0 ) LIMIT 1   [ RunTime:0.031333s ]
SQL: UPDATE `tao_user` SET `last_login_time`=1375023487,`login_count`=login_count+1,`last_login_ip`='127.0.0.1' WHERE ( `id` = 1 ) [ RunTime:0.033654s ]

[ 2013-07-28T22:58:07+08:00 ] 127.0.0.1 /TaoCMS/index.php/admin/Index/index.html
INFO: [ app_begin ] --START--
INFO: Run ReadHtmlCache Behavior [ RunTime:0.000605s ]
INFO: [ app_begin ] --END-- [ RunTime:0.000681s ]
SQL: SHOW COLUMNS FROM `tao_node` [ RunTime:0.054817s ]
SQL: SELECT `id`,`name`,`pid` FROM `tao_node`  [ RunTime:0.025962s ]

[ 2013-07-28T22:59:04+08:00 ] 127.0.0.1 /TaoCMS/index.php/admin/Index/index.html
INFO: [ app_begin ] --START--
INFO: Run ReadHtmlCache Behavior [ RunTime:0.000746s ]
INFO: [ app_begin ] --END-- [ RunTime:0.000818s ]
SQL: SHOW COLUMNS FROM `tao_node` [ RunTime:0.003572s ]
SQL: SELECT `id`,`name`,`pid` FROM `tao_node`  [ RunTime:0.000412s ]
INFO: [ view_template ] --START--
INFO: Run LocationTemplate Behavior [ RunTime:0.001671s ]
INFO: [ view_template ] --END-- [ RunTime:0.001749s ]
INFO: [ view_parse ] --START--
NOTIC: [8] Undefined variable: list D:\wamp\www\TaoCMS\app\Runtime\Cache\admin\d94d2cbf9d8370dc6ea6a177a6f41dba.php 第 13 行.
SQL: SELECT * FROM `tao_node` WHERE ( name='System' and level<3 ) LIMIT 1   [ RunTime:0.000521s ]
SQL: SELECT * FROM `tao_node` WHERE ( name='User' and level<3 ) LIMIT 1   [ RunTime:0.000343s ]
SQL: SELECT * FROM `tao_node` WHERE ( name='User' and level<3 ) LIMIT 1   [ RunTime:0.000312s ]
SQL: SELECT * FROM `tao_node` WHERE ( name='Role' and level<3 ) LIMIT 1   [ RunTime:0.000591s ]
SQL: SELECT * FROM `tao_node` WHERE ( name='Role' and level<3 ) LIMIT 1   [ RunTime:0.000370s ]
SQL: SELECT * FROM `tao_node` WHERE ( name='Node' and level<3 ) LIMIT 1   [ RunTime:0.000306s ]
SQL: SELECT * FROM `tao_node` WHERE ( name='Node' and level<3 ) LIMIT 1   [ RunTime:0.000288s ]
SQL: SELECT * FROM `tao_node` WHERE ( name='Db' and level<3 ) LIMIT 1   [ RunTime:0.000276s ]
SQL: SELECT * FROM `tao_node` WHERE ( name='Db' and level<3 ) LIMIT 1   [ RunTime:0.000279s ]
SQL: SELECT * FROM `tao_node` WHERE ( name='Sysinfo' and level<3 ) LIMIT 1   [ RunTime:0.000284s ]
SQL: SELECT * FROM `tao_node` WHERE ( name='Sysinfo' and level<3 ) LIMIT 1   [ RunTime:0.000285s ]
NOTIC: [8] Undefined variable: info D:\wamp\www\TaoCMS\app\Runtime\Cache\admin\d94d2cbf9d8370dc6ea6a177a6f41dba.php 第 129 行.
INFO: Run ParseTemplate Behavior [ RunTime:0.078692s ]
INFO: [ view_parse ] --END-- [ RunTime:0.078888s ]
INFO: [ view_filter ] --START--
INFO: Run ContentReplace Behavior [ RunTime:0.001688s ]
INFO: Run TokenBuild Behavior [ RunTime:0.000873s ]
INFO: Run WriteHtmlCache Behavior [ RunTime:0.001116s ]
INFO: Run ShowRuntime Behavior [ RunTime:0.001276s ]
INFO: [ view_filter ] --END-- [ RunTime:0.005321s ]
INFO: [ view_end ] --START--
INFO: Run ShowPageTrace Behavior [ RunTime:0.001156s ]
INFO: [ view_end ] --END-- [ RunTime:0.001222s ]

[ 2013-07-28T22:59:04+08:00 ] 127.0.0.1 /TaoCMS/index.php/admin/Index/main.html
INFO: [ app_begin ] --START--
INFO: Run ReadHtmlCache Behavior [ RunTime:0.000855s ]
INFO: [ app_begin ] --END-- [ RunTime:0.000972s ]
INFO: [ view_template ] --START--
INFO: Run LocationTemplate Behavior [ RunTime:0.001421s ]
INFO: [ view_template ] --END-- [ RunTime:0.001530s ]
INFO: [ view_parse ] --START--
INFO: Run ParseTemplate Behavior [ RunTime:0.018484s ]
INFO: [ view_parse ] --END-- [ RunTime:0.018610s ]
INFO: [ view_filter ] --START--
INFO: Run ContentReplace Behavior [ RunTime:0.000704s ]
INFO: Run TokenBuild Behavior [ RunTime:0.000662s ]
INFO: Run WriteHtmlCache Behavior [ RunTime:0.000597s ]
INFO: Run ShowRuntime Behavior [ RunTime:0.000817s ]
INFO: [ view_filter ] --END-- [ RunTime:0.002965s ]
INFO: [ view_end ] --START--
INFO: Run ShowPageTrace Behavior [ RunTime:0.000970s ]
INFO: [ view_end ] --END-- [ RunTime:0.001037s ]

[ 2013-07-28T22:59:06+08:00 ] 127.0.0.1 /TaoCMS/index.php/User/index
ERR: 无法加载模块:User

[ 2013-07-28T22:59:10+08:00 ] 127.0.0.1 /TaoCMS/index.php/Role/index
ERR: 无法加载模块:Role

[ 2013-07-28T23:01:59+08:00 ] 127.0.0.1 /TaoCMS/index.php/admin/Index/index.html
INFO: [ app_begin ] --START--
INFO: Run ReadHtmlCache Behavior [ RunTime:0.001126s ]
INFO: [ app_begin ] --END-- [ RunTime:0.001272s ]
INFO: [ view_template ] --START--
INFO: Run LocationTemplate Behavior [ RunTime:0.001730s ]
INFO: [ view_template ] --END-- [ RunTime:0.001842s ]
INFO: [ view_parse ] --START--
NOTIC: [8] Undefined variable: list D:\wamp\www\TaoCMS\app\Runtime\Cache\admin\d94d2cbf9d8370dc6ea6a177a6f41dba.php 第 13 行.
SQL: SHOW COLUMNS FROM `tao_node` [ RunTime:0.004923s ]
SQL: SELECT * FROM `tao_node` WHERE ( name='System' and level<3 ) LIMIT 1   [ RunTime:0.000675s ]
SQL: SELECT * FROM `tao_node` WHERE ( name='User' and level<3 ) LIMIT 1   [ RunTime:0.000433s ]
SQL: SELECT * FROM `tao_node` WHERE ( name='User' and level<3 ) LIMIT 1   [ RunTime:0.000450s ]
SQL: SELECT * FROM `tao_node` WHERE ( name='Role' and level<3 ) LIMIT 1   [ RunTime:0.000335s ]
SQL: SELECT * FROM `tao_node` WHERE ( name='Role' and level<3 ) LIMIT 1   [ RunTime:0.000447s ]
SQL: SELECT * FROM `tao_node` WHERE ( name='Node' and level<3 ) LIMIT 1   [ RunTime:0.000346s ]
SQL: SELECT * FROM `tao_node` WHERE ( name='Node' and level<3 ) LIMIT 1   [ RunTime:0.000291s ]
SQL: SELECT * FROM `tao_node` WHERE ( name='Db' and level<3 ) LIMIT 1   [ RunTime:0.000452s ]
SQL: SELECT * FROM `tao_node` WHERE ( name='Db' and level<3 ) LIMIT 1   [ RunTime:0.000334s ]
SQL: SELECT * FROM `tao_node` WHERE ( name='Sysinfo' and level<3 ) LIMIT 1   [ RunTime:0.000446s ]
SQL: SELECT * FROM `tao_node` WHERE ( name='Sysinfo' and level<3 ) LIMIT 1   [ RunTime:0.000449s ]
NOTIC: [8] Undefined variable: info D:\wamp\www\TaoCMS\app\Runtime\Cache\admin\d94d2cbf9d8370dc6ea6a177a6f41dba.php 第 129 行.
INFO: Run ParseTemplate Behavior [ RunTime:0.047557s ]
INFO: [ view_parse ] --END-- [ RunTime:0.047635s ]
INFO: [ view_filter ] --START--
INFO: Run ContentReplace Behavior [ RunTime:0.001253s ]
INFO: Run TokenBuild Behavior [ RunTime:0.001007s ]
INFO: Run WriteHtmlCache Behavior [ RunTime:0.000953s ]
INFO: Run ShowRuntime Behavior [ RunTime:0.000923s ]
INFO: [ view_filter ] --END-- [ RunTime:0.004289s ]
INFO: [ view_end ] --START--
INFO: Run ShowPageTrace Behavior [ RunTime:0.001238s ]
INFO: [ view_end ] --END-- [ RunTime:0.001291s ]

[ 2013-07-28T23:01:59+08:00 ] 127.0.0.1 /TaoCMS/index.php/admin/Index/main.html
INFO: [ app_begin ] --START--
INFO: Run ReadHtmlCache Behavior [ RunTime:0.000898s ]
INFO: [ app_begin ] --END-- [ RunTime:0.000995s ]
INFO: [ view_template ] --START--
INFO: Run LocationTemplate Behavior [ RunTime:0.001616s ]
INFO: [ view_template ] --END-- [ RunTime:0.001730s ]
INFO: [ view_parse ] --START--
INFO: Run ParseTemplate Behavior [ RunTime:0.022382s ]
INFO: [ view_parse ] --END-- [ RunTime:0.022530s ]
INFO: [ view_filter ] --START--
INFO: Run ContentReplace Behavior [ RunTime:0.000686s ]
INFO: Run TokenBuild Behavior [ RunTime:0.000658s ]
INFO: Run WriteHtmlCache Behavior [ RunTime:0.000525s ]
INFO: Run ShowRuntime Behavior [ RunTime:0.000719s ]
INFO: [ view_filter ] --END-- [ RunTime:0.002793s ]
INFO: [ view_end ] --START--
INFO: Run ShowPageTrace Behavior [ RunTime:0.000914s ]
INFO: [ view_end ] --END-- [ RunTime:0.000978s ]

[ 2013-07-28T23:01:59+08:00 ] 127.0.0.1 /TaoCMS/index.php/admin/Index/main.html
INFO: [ app_begin ] --START--
INFO: Run ReadHtmlCache Behavior [ RunTime:0.001141s ]
INFO: [ app_begin ] --END-- [ RunTime:0.001316s ]
INFO: [ view_template ] --START--
INFO: Run LocationTemplate Behavior [ RunTime:0.001008s ]
INFO: [ view_template ] --END-- [ RunTime:0.001127s ]
INFO: [ view_parse ] --START--
INFO: Run ParseTemplate Behavior [ RunTime:0.008324s ]
INFO: [ view_parse ] --END-- [ RunTime:0.008430s ]
INFO: [ view_filter ] --START--
INFO: Run ContentReplace Behavior [ RunTime:0.000489s ]
INFO: Run TokenBuild Behavior [ RunTime:0.000559s ]
INFO: Run WriteHtmlCache Behavior [ RunTime:0.000491s ]
INFO: Run ShowRuntime Behavior [ RunTime:0.000620s ]
INFO: [ view_filter ] --END-- [ RunTime:0.002389s ]
INFO: [ view_end ] --START--
INFO: Run ShowPageTrace Behavior [ RunTime:0.000727s ]
INFO: [ view_end ] --END-- [ RunTime:0.000789s ]

[ 2013-07-28T23:02:00+08:00 ] 127.0.0.1 /TaoCMS/index.php/admin/Index/main.html
INFO: [ app_begin ] --START--
INFO: Run ReadHtmlCache Behavior [ RunTime:0.000809s ]
INFO: [ app_begin ] --END-- [ RunTime:0.000885s ]
INFO: [ view_template ] --START--
INFO: Run LocationTemplate Behavior [ RunTime:0.002009s ]
INFO: [ view_template ] --END-- [ RunTime:0.002141s ]
INFO: [ view_parse ] --START--
INFO: Run ParseTemplate Behavior [ RunTime:0.024989s ]
INFO: [ view_parse ] --END-- [ RunTime:0.025105s ]
INFO: [ view_filter ] --START--
INFO: Run ContentReplace Behavior [ RunTime:0.000951s ]
INFO: Run TokenBuild Behavior [ RunTime:0.000934s ]
INFO: Run WriteHtmlCache Behavior [ RunTime:0.000899s ]
INFO: Run ShowRuntime Behavior [ RunTime:0.001001s ]
INFO: [ view_filter ] --END-- [ RunTime:0.003957s ]
INFO: [ view_end ] --START--
INFO: Run ShowPageTrace Behavior [ RunTime:0.001067s ]
INFO: [ view_end ] --END-- [ RunTime:0.001124s ]

[ 2013-07-28T23:03:21+08:00 ] 127.0.0.1 /TaoCMS/index.php/admin/Index/index.html
INFO: [ app_begin ] --START--
INFO: Run ReadHtmlCache Behavior [ RunTime:0.000894s ]
INFO: [ app_begin ] --END-- [ RunTime:0.000962s ]
INFO: [ view_template ] --START--
INFO: Run LocationTemplate Behavior [ RunTime:0.001529s ]
INFO: [ view_template ] --END-- [ RunTime:0.001611s ]
INFO: [ view_parse ] --START--
NOTIC: [8] Undefined variable: list D:\wamp\www\TaoCMS\app\Runtime\Cache\admin\d94d2cbf9d8370dc6ea6a177a6f41dba.php 第 13 行.
SQL: SHOW COLUMNS FROM `tao_node` [ RunTime:0.004899s ]
SQL: SELECT * FROM `tao_node` WHERE ( name='System' and level<3 ) LIMIT 1   [ RunTime:0.000468s ]
SQL: SELECT * FROM `tao_node` WHERE ( name='User' and level<3 ) LIMIT 1   [ RunTime:0.000233s ]
SQL: SELECT * FROM `tao_node` WHERE ( name='User' and level<3 ) LIMIT 1   [ RunTime:0.000258s ]
SQL: SELECT * FROM `tao_node` WHERE ( name='Role' and level<3 ) LIMIT 1   [ RunTime:0.000330s ]
SQL: SELECT * FROM `tao_node` WHERE ( name='Role' and level<3 ) LIMIT 1   [ RunTime:0.000409s ]
SQL: SELECT * FROM `tao_node` WHERE ( name='Node' and level<3 ) LIMIT 1   [ RunTime:0.000420s ]
SQL: SELECT * FROM `tao_node` WHERE ( name='Node' and level<3 ) LIMIT 1   [ RunTime:0.000304s ]
SQL: SELECT * FROM `tao_node` WHERE ( name='Db' and level<3 ) LIMIT 1   [ RunTime:0.000357s ]
SQL: SELECT * FROM `tao_node` WHERE ( name='Db' and level<3 ) LIMIT 1   [ RunTime:0.000255s ]
SQL: SELECT * FROM `tao_node` WHERE ( name='Sysinfo' and level<3 ) LIMIT 1   [ RunTime:0.000272s ]
SQL: SELECT * FROM `tao_node` WHERE ( name='Sysinfo' and level<3 ) LIMIT 1   [ RunTime:0.000274s ]
NOTIC: [8] Undefined variable: info D:\wamp\www\TaoCMS\app\Runtime\Cache\admin\d94d2cbf9d8370dc6ea6a177a6f41dba.php 第 129 行.
INFO: Run ParseTemplate Behavior [ RunTime:0.045690s ]
INFO: [ view_parse ] --END-- [ RunTime:0.045765s ]
INFO: [ view_filter ] --START--
INFO: Run ContentReplace Behavior [ RunTime:0.000977s ]
INFO: Run TokenBuild Behavior [ RunTime:0.000847s ]
INFO: Run WriteHtmlCache Behavior [ RunTime:0.000518s ]
INFO: Run ShowRuntime Behavior [ RunTime:0.000934s ]
INFO: [ view_filter ] --END-- [ RunTime:0.003523s ]
INFO: [ view_end ] --START--
INFO: Run ShowPageTrace Behavior [ RunTime:0.000966s ]
INFO: [ view_end ] --END-- [ RunTime:0.001097s ]

[ 2013-07-28T23:03:22+08:00 ] 127.0.0.1 /TaoCMS/index.php/admin/Index/main.html
INFO: [ app_begin ] --START--
INFO: Run ReadHtmlCache Behavior [ RunTime:0.001138s ]
INFO: [ app_begin ] --END-- [ RunTime:0.001256s ]
INFO: [ view_template ] --START--
INFO: Run LocationTemplate Behavior [ RunTime:0.001596s ]
INFO: [ view_template ] --END-- [ RunTime:0.001738s ]
INFO: [ view_parse ] --START--
INFO: Run ParseTemplate Behavior [ RunTime:0.014723s ]
INFO: [ view_parse ] --END-- [ RunTime:0.014889s ]
INFO: [ view_filter ] --START--
INFO: Run ContentReplace Behavior [ RunTime:0.001134s ]
INFO: Run TokenBuild Behavior [ RunTime:0.000798s ]
INFO: Run WriteHtmlCache Behavior [ RunTime:0.000719s ]
INFO: Run ShowRuntime Behavior [ RunTime:0.004830s ]
INFO: [ view_filter ] --END-- [ RunTime:0.008012s ]
INFO: [ view_end ] --START--
INFO: Run ShowPageTrace Behavior [ RunTime:0.001363s ]
INFO: [ view_end ] --END-- [ RunTime:0.001488s ]

[ 2013-07-28T23:03:22+08:00 ] 127.0.0.1 /TaoCMS/index.php/admin/Index/main.html
INFO: [ app_begin ] --START--
INFO: Run ReadHtmlCache Behavior [ RunTime:0.000828s ]
INFO: [ app_begin ] --END-- [ RunTime:0.000955s ]
INFO: [ view_template ] --START--
INFO: Run LocationTemplate Behavior [ RunTime:0.000822s ]
INFO: [ view_template ] --END-- [ RunTime:0.000970s ]
INFO: [ view_parse ] --START--
INFO: Run ParseTemplate Behavior [ RunTime:0.014170s ]
INFO: [ view_parse ] --END-- [ RunTime:0.014326s ]
INFO: [ view_filter ] --START--
INFO: Run ContentReplace Behavior [ RunTime:0.000858s ]
INFO: Run TokenBuild Behavior [ RunTime:0.001096s ]
INFO: Run WriteHtmlCache Behavior [ RunTime:0.000939s ]
INFO: Run ShowRuntime Behavior [ RunTime:0.003181s ]
INFO: [ view_filter ] --END-- [ RunTime:0.006483s ]
INFO: [ view_end ] --START--
INFO: Run ShowPageTrace Behavior [ RunTime:0.000743s ]
INFO: [ view_end ] --END-- [ RunTime:0.000806s ]

[ 2013-07-28T23:03:22+08:00 ] 127.0.0.1 /TaoCMS/index.php/admin/Index/main.html
INFO: [ app_begin ] --START--
INFO: Run ReadHtmlCache Behavior [ RunTime:0.001553s ]
INFO: [ app_begin ] --END-- [ RunTime:0.001692s ]
INFO: [ view_template ] --START--
INFO: Run LocationTemplate Behavior [ RunTime:0.001535s ]
INFO: [ view_template ] --END-- [ RunTime:0.001656s ]
INFO: [ view_parse ] --START--
INFO: Run ParseTemplate Behavior [ RunTime:0.009785s ]
INFO: [ view_parse ] --END-- [ RunTime:0.009908s ]
INFO: [ view_filter ] --START--
INFO: Run ContentReplace Behavior [ RunTime:0.000809s ]
INFO: Run TokenBuild Behavior [ RunTime:0.000672s ]
INFO: Run WriteHtmlCache Behavior [ RunTime:0.000592s ]
INFO: Run ShowRuntime Behavior [ RunTime:0.000732s ]
INFO: [ view_filter ] --END-- [ RunTime:0.003037s ]
INFO: [ view_end ] --START--
INFO: Run ShowPageTrace Behavior [ RunTime:0.000826s ]
INFO: [ view_end ] --END-- [ RunTime:0.000892s ]

[ 2013-07-28T23:03:49+08:00 ] 127.0.0.1 /TaoCMS/index.php/admin/Index/index.html
INFO: [ app_begin ] --START--
INFO: Run ReadHtmlCache Behavior [ RunTime:0.001160s ]
INFO: [ app_begin ] --END-- [ RunTime:0.001270s ]
INFO: [ view_template ] --START--
INFO: Run LocationTemplate Behavior [ RunTime:0.000870s ]
INFO: [ view_template ] --END-- [ RunTime:0.000958s ]
INFO: [ view_parse ] --START--
NOTIC: [8] Undefined variable: list D:\wamp\www\TaoCMS\app\Runtime\Cache\admin\d94d2cbf9d8370dc6ea6a177a6f41dba.php 第 13 行.
SQL: SHOW COLUMNS FROM `tao_node` [ RunTime:0.003589s ]
SQL: SELECT * FROM `tao_node` WHERE ( name='System' and level<3 ) LIMIT 1   [ RunTime:0.000490s ]
SQL: SELECT * FROM `tao_node` WHERE ( name='User' and level<3 ) LIMIT 1   [ RunTime:0.000445s ]
SQL: SELECT * FROM `tao_node` WHERE ( name='User' and level<3 ) LIMIT 1   [ RunTime:0.001162s ]
SQL: SELECT * FROM `tao_node` WHERE ( name='Role' and level<3 ) LIMIT 1   [ RunTime:0.000586s ]
SQL: SELECT * FROM `tao_node` WHERE ( name='Role' and level<3 ) LIMIT 1   [ RunTime:0.000604s ]
SQL: SELECT * FROM `tao_node` WHERE ( name='Node' and level<3 ) LIMIT 1   [ RunTime:0.000422s ]
SQL: SELECT * FROM `tao_node` WHERE ( name='Node' and level<3 ) LIMIT 1   [ RunTime:0.000359s ]
SQL: SELECT * FROM `tao_node` WHERE ( name='Db' and level<3 ) LIMIT 1   [ RunTime:0.000235s ]
SQL: SELECT * FROM `tao_node` WHERE ( name='Db' and level<3 ) LIMIT 1   [ RunTime:0.000378s ]
SQL: SELECT * FROM `tao_node` WHERE ( name='Sysinfo' and level<3 ) LIMIT 1   [ RunTime:0.000451s ]
SQL: SELECT * FROM `tao_node` WHERE ( name='Sysinfo' and level<3 ) LIMIT 1   [ RunTime:0.000259s ]
NOTIC: [8] Undefined variable: info D:\wamp\www\TaoCMS\app\Runtime\Cache\admin\d94d2cbf9d8370dc6ea6a177a6f41dba.php 第 129 行.
INFO: Run ParseTemplate Behavior [ RunTime:0.037132s ]
INFO: [ view_parse ] --END-- [ RunTime:0.037208s ]
INFO: [ view_filter ] --START--
INFO: Run ContentReplace Behavior [ RunTime:0.000917s ]
INFO: Run TokenBuild Behavior [ RunTime:0.000572s ]
INFO: Run WriteHtmlCache Behavior [ RunTime:0.000508s ]
INFO: Run ShowRuntime Behavior [ RunTime:0.000532s ]
INFO: [ view_filter ] --END-- [ RunTime:0.002682s ]
INFO: [ view_end ] --START--
INFO: Run ShowPageTrace Behavior [ RunTime:0.000735s ]
INFO: [ view_end ] --END-- [ RunTime:0.000786s ]

[ 2013-07-28T23:03:49+08:00 ] 127.0.0.1 /TaoCMS/index.php/admin/Index/main.html
INFO: [ app_begin ] --START--
INFO: Run ReadHtmlCache Behavior [ RunTime:0.001158s ]
INFO: [ app_begin ] --END-- [ RunTime:0.001300s ]
INFO: [ view_template ] --START--
INFO: Run LocationTemplate Behavior [ RunTime:0.001912s ]
INFO: [ view_template ] --END-- [ RunTime:0.002882s ]
INFO: [ view_parse ] --START--
INFO: Run ParseTemplate Behavior [ RunTime:0.018334s ]
INFO: [ view_parse ] --END-- [ RunTime:0.018519s ]
INFO: [ view_filter ] --START--
INFO: Run ContentReplace Behavior [ RunTime:0.001727s ]
INFO: Run TokenBuild Behavior [ RunTime:0.001048s ]
INFO: Run WriteHtmlCache Behavior [ RunTime:0.000942s ]
INFO: Run ShowRuntime Behavior [ RunTime:0.004349s ]
INFO: [ view_filter ] --END-- [ RunTime:0.008463s ]
INFO: [ view_end ] --START--
INFO: Run ShowPageTrace Behavior [ RunTime:0.004756s ]
INFO: [ view_end ] --END-- [ RunTime:0.004898s ]

[ 2013-07-28T23:03:49+08:00 ] 127.0.0.1 /TaoCMS/index.php/admin/Index/main.html
INFO: [ app_begin ] --START--
INFO: Run ReadHtmlCache Behavior [ RunTime:0.001522s ]
INFO: [ app_begin ] --END-- [ RunTime:0.001676s ]
INFO: [ view_template ] --START--
INFO: Run LocationTemplate Behavior [ RunTime:0.000774s ]
INFO: [ view_template ] --END-- [ RunTime:0.000901s ]
INFO: [ view_parse ] --START--
INFO: Run ParseTemplate Behavior [ RunTime:0.012457s ]
INFO: [ view_parse ] --END-- [ RunTime:0.012622s ]
INFO: [ view_filter ] --START--
INFO: Run ContentReplace Behavior [ RunTime:0.000797s ]
INFO: Run TokenBuild Behavior [ RunTime:0.000900s ]
INFO: Run WriteHtmlCache Behavior [ RunTime:0.000536s ]
INFO: Run ShowRuntime Behavior [ RunTime:0.000747s ]
INFO: [ view_filter ] --END-- [ RunTime:0.003375s ]
INFO: [ view_end ] --START--
INFO: Run ShowPageTrace Behavior [ RunTime:0.001331s ]
INFO: [ view_end ] --END-- [ RunTime:0.001485s ]

[ 2013-07-28T23:03:49+08:00 ] 127.0.0.1 /TaoCMS/index.php/admin/Index/main.html
INFO: [ app_begin ] --START--
INFO: Run ReadHtmlCache Behavior [ RunTime:0.001036s ]
INFO: [ app_begin ] --END-- [ RunTime:0.001183s ]
INFO: [ view_template ] --START--
INFO: Run LocationTemplate Behavior [ RunTime:0.000839s ]
INFO: [ view_template ] --END-- [ RunTime:0.000981s ]
INFO: [ view_parse ] --START--
INFO: Run ParseTemplate Behavior [ RunTime:0.014955s ]
INFO: [ view_parse ] --END-- [ RunTime:0.015158s ]
INFO: [ view_filter ] --START--
INFO: Run ContentReplace Behavior [ RunTime:0.000784s ]
INFO: Run TokenBuild Behavior [ RunTime:0.001092s ]
INFO: Run WriteHtmlCache Behavior [ RunTime:0.000880s ]
INFO: Run ShowRuntime Behavior [ RunTime:0.001143s ]
INFO: [ view_filter ] --END-- [ RunTime:0.004356s ]
INFO: [ view_end ] --START--
INFO: Run ShowPageTrace Behavior [ RunTime:0.001355s ]
INFO: [ view_end ] --END-- [ RunTime:0.001522s ]

[ 2013-07-28T23:04:32+08:00 ] 127.0.0.1 /TaoCMS/index.php/admin/Index/index.html
INFO: [ app_begin ] --START--
INFO: Run ReadHtmlCache Behavior [ RunTime:0.001043s ]
INFO: [ app_begin ] --END-- [ RunTime:0.001124s ]
INFO: [ view_template ] --START--
INFO: Run LocationTemplate Behavior [ RunTime:0.002391s ]
INFO: [ view_template ] --END-- [ RunTime:0.002480s ]
INFO: [ view_parse ] --START--
NOTIC: [8] Undefined variable: list D:\wamp\www\TaoCMS\app\Runtime\Cache\admin\d94d2cbf9d8370dc6ea6a177a6f41dba.php 第 13 行.
SQL: SHOW COLUMNS FROM `tao_node` [ RunTime:0.003588s ]
SQL: SELECT * FROM `tao_node` WHERE ( name='System' and level<3 ) LIMIT 1   [ RunTime:0.000494s ]
SQL: SELECT * FROM `tao_node` WHERE ( name='User' and level<3 ) LIMIT 1   [ RunTime:0.000359s ]
SQL: SELECT * FROM `tao_node` WHERE ( name='User' and level<3 ) LIMIT 1   [ RunTime:0.000356s ]
SQL: SELECT * FROM `tao_node` WHERE ( name='Role' and level<3 ) LIMIT 1   [ RunTime:0.000399s ]
SQL: SELECT * FROM `tao_node` WHERE ( name='Role' and level<3 ) LIMIT 1   [ RunTime:0.000354s ]
SQL: SELECT * FROM `tao_node` WHERE ( name='Node' and level<3 ) LIMIT 1   [ RunTime:0.000349s ]
SQL: SELECT * FROM `tao_node` WHERE ( name='Node' and level<3 ) LIMIT 1   [ RunTime:0.000380s ]
SQL: SELECT * FROM `tao_node` WHERE ( name='Db' and level<3 ) LIMIT 1   [ RunTime:0.000421s ]
SQL: SELECT * FROM `tao_node` WHERE ( name='Db' and level<3 ) LIMIT 1   [ RunTime:0.000360s ]
SQL: SELECT * FROM `tao_node` WHERE ( name='Sysinfo' and level<3 ) LIMIT 1   [ RunTime:0.000342s ]
SQL: SELECT * FROM `tao_node` WHERE ( name='Sysinfo' and level<3 ) LIMIT 1   [ RunTime:0.000681s ]
NOTIC: [8] Undefined variable: info D:\wamp\www\TaoCMS\app\Runtime\Cache\admin\d94d2cbf9d8370dc6ea6a177a6f41dba.php 第 129 行.
INFO: Run ParseTemplate Behavior [ RunTime:0.056343s ]
INFO: [ view_parse ] --END-- [ RunTime:0.056460s ]
INFO: [ view_filter ] --START--
INFO: Run ContentReplace Behavior [ RunTime:0.001097s ]
INFO: Run TokenBuild Behavior [ RunTime:0.000833s ]
INFO: Run WriteHtmlCache Behavior [ RunTime:0.000697s ]
INFO: Run ShowRuntime Behavior [ RunTime:0.000802s ]
INFO: [ view_filter ] --END-- [ RunTime:0.003676s ]
INFO: [ view_end ] --START--
INFO: Run ShowPageTrace Behavior [ RunTime:0.000945s ]
INFO: [ view_end ] --END-- [ RunTime:0.001008s ]

[ 2013-07-28T23:04:33+08:00 ] 127.0.0.1 /TaoCMS/index.php/admin/Index/main.html
INFO: [ app_begin ] --START--
INFO: Run ReadHtmlCache Behavior [ RunTime:0.001156s ]
INFO: [ app_begin ] --END-- [ RunTime:0.001262s ]
INFO: [ view_template ] --START--
INFO: Run LocationTemplate Behavior [ RunTime:0.001944s ]
INFO: [ view_template ] --END-- [ RunTime:0.002124s ]
INFO: [ view_parse ] --START--
INFO: Run ParseTemplate Behavior [ RunTime:0.031025s ]
INFO: [ view_parse ] --END-- [ RunTime:0.031196s ]
INFO: [ view_filter ] --START--
INFO: Run ContentReplace Behavior [ RunTime:0.000997s ]
INFO: Run TokenBuild Behavior [ RunTime:0.001019s ]
INFO: Run WriteHtmlCache Behavior [ RunTime:0.000821s ]
INFO: Run ShowRuntime Behavior [ RunTime:0.002078s ]
INFO: [ view_filter ] --END-- [ RunTime:0.005286s ]
INFO: [ view_end ] --START--
INFO: Run ShowPageTrace Behavior [ RunTime:0.001605s ]
INFO: [ view_end ] --END-- [ RunTime:0.001711s ]

[ 2013-07-28T23:04:33+08:00 ] 127.0.0.1 /TaoCMS/index.php/admin/Index/main.html
INFO: [ app_begin ] --START--
INFO: Run ReadHtmlCache Behavior [ RunTime:0.001699s ]
INFO: [ app_begin ] --END-- [ RunTime:0.001890s ]
INFO: [ view_template ] --START--
INFO: Run LocationTemplate Behavior [ RunTime:0.000972s ]
INFO: [ view_template ] --END-- [ RunTime:0.001120s ]
INFO: [ view_parse ] --START--
INFO: Run ParseTemplate Behavior [ RunTime:0.009835s ]
INFO: [ view_parse ] --END-- [ RunTime:0.009998s ]
INFO: [ view_filter ] --START--
INFO: Run ContentReplace Behavior [ RunTime:0.000477s ]
INFO: Run TokenBuild Behavior [ RunTime:0.000415s ]
INFO: Run WriteHtmlCache Behavior [ RunTime:0.000316s ]
INFO: Run ShowRuntime Behavior [ RunTime:0.000533s ]
INFO: [ view_filter ] --END-- [ RunTime:0.001970s ]
INFO: [ view_end ] --START--
INFO: Run ShowPageTrace Behavior [ RunTime:0.000716s ]
INFO: [ view_end ] --END-- [ RunTime:0.000778s ]

[ 2013-07-28T23:04:33+08:00 ] 127.0.0.1 /TaoCMS/index.php/admin/Index/main.html
INFO: [ app_begin ] --START--
INFO: Run ReadHtmlCache Behavior [ RunTime:0.001306s ]
INFO: [ app_begin ] --END-- [ RunTime:0.001469s ]
INFO: [ view_template ] --START--
INFO: Run LocationTemplate Behavior [ RunTime:0.001591s ]
INFO: [ view_template ] --END-- [ RunTime:0.001703s ]
INFO: [ view_parse ] --START--
INFO: Run ParseTemplate Behavior [ RunTime:0.013619s ]
INFO: [ view_parse ] --END-- [ RunTime:0.013787s ]
INFO: [ view_filter ] --START--
INFO: Run ContentReplace Behavior [ RunTime:0.001386s ]
INFO: Run TokenBuild Behavior [ RunTime:0.001251s ]
INFO: Run WriteHtmlCache Behavior [ RunTime:0.000863s ]
INFO: Run ShowRuntime Behavior [ RunTime:0.001081s ]
INFO: [ view_filter ] --END-- [ RunTime:0.004869s ]
INFO: [ view_end ] --START--
INFO: Run ShowPageTrace Behavior [ RunTime:0.001595s ]
INFO: [ view_end ] --END-- [ RunTime:0.001701s ]

[ 2013-07-28T23:04:41+08:00 ] 127.0.0.1 /TaoCMS/index.php/admin/User/index
INFO: [ app_begin ] --START--
INFO: Run ReadHtmlCache Behavior [ RunTime:0.000870s ]
INFO: [ app_begin ] --END-- [ RunTime:0.000992s ]
INFO: [ view_template ] --START--
INFO: Run LocationTemplate Behavior [ RunTime:0.001232s ]
INFO: [ view_template ] --END-- [ RunTime:0.001351s ]
INFO: [ view_parse ] --START--
INFO: Run ParseTemplate Behavior [ RunTime:0.013668s ]
INFO: [ view_parse ] --END-- [ RunTime:0.013798s ]
INFO: [ view_filter ] --START--
INFO: Run ContentReplace Behavior [ RunTime:0.000771s ]
INFO: Run TokenBuild Behavior [ RunTime:0.000556s ]
INFO: Run WriteHtmlCache Behavior [ RunTime:0.000425s ]
INFO: Run ShowRuntime Behavior [ RunTime:0.000696s ]
INFO: [ view_filter ] --END-- [ RunTime:0.002654s ]
INFO: [ view_end ] --START--
INFO: Run ShowPageTrace Behavior [ RunTime:0.000801s ]
INFO: [ view_end ] --END-- [ RunTime:0.000878s ]

[ 2013-07-28T23:04:42+08:00 ] 127.0.0.1 /TaoCMS/index.php/admin/User/getData.html
INFO: [ app_begin ] --START--
INFO: Run ReadHtmlCache Behavior [ RunTime:0.000703s ]
INFO: [ app_begin ] --END-- [ RunTime:0.000791s ]
SQL: SHOW COLUMNS FROM `tao_user` [ RunTime:0.004033s ]
NOTIC: [2] Invalid argument supplied for foreach() D:\wamp\www\TaoCMS\app\Application\admin\Common\function.php 第 38 行.
SQL: SELECT COUNT(*) AS tp_count FROM `tao_user` LIMIT 1   [ RunTime:0.074366s ]
SQL: SELECT `id`,`username`,`nickname`,`bind_account`,`last_login_time`,`last_login_ip`,`login_count`,`verify`,`email`,`remark`,`create_time`,`update_time`,`status`,`type_id`,`info` FROM `tao_user` LIMIT 0,15   [ RunTime:0.000814s ]

[ 2013-07-28T23:04:43+08:00 ] 127.0.0.1 /TaoCMS/index.php/admin/Role/index
INFO: [ app_begin ] --START--
INFO: Run ReadHtmlCache Behavior [ RunTime:0.000568s ]
INFO: [ app_begin ] --END-- [ RunTime:0.000639s ]
INFO: [ view_template ] --START--
INFO: Run LocationTemplate Behavior [ RunTime:0.001066s ]
INFO: [ view_template ] --END-- [ RunTime:0.001193s ]
INFO: [ view_parse ] --START--
INFO: Run ParseTemplate Behavior [ RunTime:0.010939s ]
INFO: [ view_parse ] --END-- [ RunTime:0.011039s ]
INFO: [ view_filter ] --START--
INFO: Run ContentReplace Behavior [ RunTime:0.000640s ]
INFO: Run TokenBuild Behavior [ RunTime:0.000856s ]
INFO: Run WriteHtmlCache Behavior [ RunTime:0.000487s ]
INFO: Run ShowRuntime Behavior [ RunTime:0.000635s ]
INFO: [ view_filter ] --END-- [ RunTime:0.002789s ]
INFO: [ view_end ] --START--
INFO: Run ShowPageTrace Behavior [ RunTime:0.000636s ]
INFO: [ view_end ] --END-- [ RunTime:0.000697s ]

[ 2013-07-28T23:04:44+08:00 ] 127.0.0.1 /TaoCMS/index.php/admin/Role/getData.html
INFO: [ app_begin ] --START--
INFO: Run ReadHtmlCache Behavior [ RunTime:0.002376s ]
INFO: [ app_begin ] --END-- [ RunTime:0.002541s ]
SQL: SHOW COLUMNS FROM `tao_role` [ RunTime:0.059295s ]
NOTIC: [2] Invalid argument supplied for foreach() D:\wamp\www\TaoCMS\app\Application\admin\Common\function.php 第 38 行.
SQL: SELECT COUNT(*) AS tp_count FROM `tao_role` LIMIT 1   [ RunTime:0.000252s ]
SQL: SELECT * FROM `tao_role` LIMIT 0,15   [ RunTime:0.000329s ]

[ 2013-07-28T23:04:44+08:00 ] 127.0.0.1 /TaoCMS/index.php/admin/Node/index
INFO: [ app_begin ] --START--
INFO: Run ReadHtmlCache Behavior [ RunTime:0.000864s ]
INFO: [ app_begin ] --END-- [ RunTime:0.000969s ]
INFO: [ view_template ] --START--
INFO: Run LocationTemplate Behavior [ RunTime:0.001399s ]
INFO: [ view_template ] --END-- [ RunTime:0.001498s ]
INFO: [ view_parse ] --START--
NOTIC: [8] Undefined variable: ulist D:\wamp\www\TaoCMS\app\Runtime\Cache\admin\dfdd937c347ba23c49f08abf1e3c396f.php 第 97 行.
INFO: Run ParseTemplate Behavior [ RunTime:0.011768s ]
INFO: [ view_parse ] --END-- [ RunTime:0.011861s ]
INFO: [ view_filter ] --START--
INFO: Run ContentReplace Behavior [ RunTime:0.000591s ]
INFO: Run TokenBuild Behavior [ RunTime:0.000467s ]
INFO: Run WriteHtmlCache Behavior [ RunTime:0.000321s ]
INFO: Run ShowRuntime Behavior [ RunTime:0.000499s ]
INFO: [ view_filter ] --END-- [ RunTime:0.002053s ]
INFO: [ view_end ] --START--
INFO: Run ShowPageTrace Behavior [ RunTime:0.000617s ]
INFO: [ view_end ] --END-- [ RunTime:0.000673s ]

[ 2013-07-28T23:04:45+08:00 ] 127.0.0.1 /TaoCMS/index.php/admin/Node/getData.html
INFO: [ app_begin ] --START--
INFO: Run ReadHtmlCache Behavior [ RunTime:0.000551s ]
INFO: [ app_begin ] --END-- [ RunTime:0.000614s ]
SQL: SHOW COLUMNS FROM `tao_node` [ RunTime:0.003264s ]
NOTIC: [2] Invalid argument supplied for foreach() D:\wamp\www\TaoCMS\app\Application\admin\Common\function.php 第 38 行.
SQL: SELECT COUNT(*) AS tp_count FROM `tao_node` LIMIT 1   [ RunTime:0.000189s ]
SQL: SELECT * FROM `tao_node` ORDER BY sort LIMIT 0,15   [ RunTime:0.064613s ]

[ 2013-07-28T23:04:46+08:00 ] 127.0.0.1 /TaoCMS/index.php/admin/Db/index
INFO: [ app_begin ] --START--
INFO: Run ReadHtmlCache Behavior [ RunTime:0.000669s ]
INFO: [ app_begin ] --END-- [ RunTime:0.000760s ]
SQL: SHOW TABLE STATUS [ RunTime:0.484384s ]
INFO: [ view_template ] --START--
INFO: Run LocationTemplate Behavior [ RunTime:0.002271s ]
INFO: [ view_template ] --END-- [ RunTime:0.002396s ]
INFO: [ view_parse ] --START--
NOTIC: [8] Undefined variable: ulist D:\wamp\www\TaoCMS\app\Runtime\Cache\admin\5f9b3f1ed998fd69707b009f76a18270.php 第 96 行.
INFO: Run ParseTemplate Behavior [ RunTime:0.015988s ]
INFO: [ view_parse ] --END-- [ RunTime:0.016080s ]
INFO: [ view_filter ] --START--
INFO: Run ContentReplace Behavior [ RunTime:0.000867s ]
INFO: Run TokenBuild Behavior [ RunTime:0.000627s ]
INFO: Run WriteHtmlCache Behavior [ RunTime:0.000480s ]
INFO: Run ShowRuntime Behavior [ RunTime:0.000669s ]
INFO: [ view_filter ] --END-- [ RunTime:0.002848s ]
INFO: [ view_end ] --START--
INFO: Run ShowPageTrace Behavior [ RunTime:0.000895s ]
INFO: [ view_end ] --END-- [ RunTime:0.000962s ]

[ 2013-07-28T23:04:48+08:00 ] 127.0.0.1 /TaoCMS/index.php/admin/Sysinfo/index
INFO: [ app_begin ] --START--
INFO: Run ReadHtmlCache Behavior [ RunTime:0.000926s ]
INFO: [ app_begin ] --END-- [ RunTime:0.001015s ]
INFO: [ view_template ] --START--
INFO: Run LocationTemplate Behavior [ RunTime:0.001416s ]
INFO: [ view_template ] --END-- [ RunTime:0.001496s ]
INFO: [ view_parse ] --START--
INFO: Run ParseTemplate Behavior [ RunTime:0.020769s ]
INFO: [ view_parse ] --END-- [ RunTime:0.020999s ]
INFO: [ view_filter ] --START--
INFO: Run ContentReplace Behavior [ RunTime:0.000595s ]
INFO: Run TokenBuild Behavior [ RunTime:0.000936s ]
INFO: Run WriteHtmlCache Behavior [ RunTime:0.000725s ]
INFO: Run ShowRuntime Behavior [ RunTime:0.000506s ]
INFO: [ view_filter ] --END-- [ RunTime:0.002940s ]
INFO: [ view_end ] --START--
INFO: Run ShowPageTrace Behavior [ RunTime:0.000628s ]
INFO: [ view_end ] --END-- [ RunTime:0.000686s ]

[ 2013-07-28T23:04:48+08:00 ] 127.0.0.1 /TaoCMS/index.php/admin/Sysinfo/site.html
INFO: [ app_begin ] --START--
INFO: Run ReadHtmlCache Behavior [ RunTime:0.000930s ]
INFO: [ app_begin ] --END-- [ RunTime:0.001066s ]
INFO: [ view_template ] --START--
INFO: Run LocationTemplate Behavior [ RunTime:0.001396s ]
INFO: [ view_template ] --END-- [ RunTime:0.001553s ]
INFO: [ view_parse ] --START--
INFO: Run ParseTemplate Behavior [ RunTime:0.010902s ]
INFO: [ view_parse ] --END-- [ RunTime:0.011064s ]
INFO: [ view_filter ] --START--
INFO: Run ContentReplace Behavior [ RunTime:0.000560s ]
INFO: Run TokenBuild Behavior [ RunTime:0.000470s ]
INFO: Run WriteHtmlCache Behavior [ RunTime:0.000319s ]
INFO: Run ShowRuntime Behavior [ RunTime:0.000529s ]
INFO: [ view_filter ] --END-- [ RunTime:0.002071s ]
INFO: [ view_end ] --START--
INFO: Run ShowPageTrace Behavior [ RunTime:0.000665s ]
INFO: [ view_end ] --END-- [ RunTime:0.000720s ]

[ 2013-07-28T23:04:48+08:00 ] 127.0.0.1 /TaoCMS/index.php/admin/Sysinfo/site.html
INFO: [ app_begin ] --START--
INFO: Run ReadHtmlCache Behavior [ RunTime:0.000871s ]
INFO: [ app_begin ] --END-- [ RunTime:0.000992s ]
INFO: [ view_template ] --START--
INFO: Run LocationTemplate Behavior [ RunTime:0.000629s ]
INFO: [ view_template ] --END-- [ RunTime:0.000719s ]
INFO: [ view_parse ] --START--
INFO: Run ParseTemplate Behavior [ RunTime:0.008489s ]
INFO: [ view_parse ] --END-- [ RunTime:0.008601s ]
INFO: [ view_filter ] --START--
INFO: Run ContentReplace Behavior [ RunTime:0.000502s ]
INFO: Run TokenBuild Behavior [ RunTime:0.000537s ]
INFO: Run WriteHtmlCache Behavior [ RunTime:0.000353s ]
INFO: Run ShowRuntime Behavior [ RunTime:0.000649s ]
INFO: [ view_filter ] --END-- [ RunTime:0.002260s ]
INFO: [ view_end ] --START--
INFO: Run ShowPageTrace Behavior [ RunTime:0.001122s ]
INFO: [ view_end ] --END-- [ RunTime:0.001227s ]

[ 2013-07-28T23:05:40+08:00 ] 127.0.0.1 /TaoCMS/index.php/admin/Sysinfo/index
INFO: [ app_begin ] --START--
INFO: Run ReadHtmlCache Behavior [ RunTime:0.000737s ]
INFO: [ app_begin ] --END-- [ RunTime:0.000821s ]
INFO: [ view_template ] --START--
INFO: Run LocationTemplate Behavior [ RunTime:0.000857s ]
INFO: [ view_template ] --END-- [ RunTime:0.000934s ]
INFO: [ view_parse ] --START--
INFO: Run ParseTemplate Behavior [ RunTime:0.008090s ]
INFO: [ view_parse ] --END-- [ RunTime:0.008195s ]
INFO: [ view_filter ] --START--
INFO: Run ContentReplace Behavior [ RunTime:0.000655s ]
INFO: Run TokenBuild Behavior [ RunTime:0.000425s ]
INFO: Run WriteHtmlCache Behavior [ RunTime:0.000318s ]
INFO: Run ShowRuntime Behavior [ RunTime:0.000487s ]
INFO: [ view_filter ] --END-- [ RunTime:0.002039s ]
INFO: [ view_end ] --START--
INFO: Run ShowPageTrace Behavior [ RunTime:0.000689s ]
INFO: [ view_end ] --END-- [ RunTime:0.000761s ]

[ 2013-07-28T23:05:40+08:00 ] 127.0.0.1 /TaoCMS/index.php/admin/Sysinfo/site.html
INFO: [ app_begin ] --START--
INFO: Run ReadHtmlCache Behavior [ RunTime:0.000693s ]
INFO: [ app_begin ] --END-- [ RunTime:0.000785s ]
INFO: [ view_template ] --START--
INFO: Run LocationTemplate Behavior [ RunTime:0.000508s ]
INFO: [ view_template ] --END-- [ RunTime:0.000600s ]
INFO: [ view_parse ] --START--
INFO: Run ParseTemplate Behavior [ RunTime:0.013744s ]
INFO: [ view_parse ] --END-- [ RunTime:0.014010s ]
INFO: [ view_filter ] --START--
INFO: Run ContentReplace Behavior [ RunTime:0.000642s ]
INFO: Run TokenBuild Behavior [ RunTime:0.000535s ]
INFO: Run WriteHtmlCache Behavior [ RunTime:0.000396s ]
INFO: Run ShowRuntime Behavior [ RunTime:0.000659s ]
INFO: [ view_filter ] --END-- [ RunTime:0.002449s ]
INFO: [ view_end ] --START--
INFO: Run ShowPageTrace Behavior [ RunTime:0.000982s ]
INFO: [ view_end ] --END-- [ RunTime:0.001096s ]

[ 2013-07-28T23:05:40+08:00 ] 127.0.0.1 /TaoCMS/index.php/admin/Sysinfo/site.html
INFO: [ app_begin ] --START--
INFO: Run ReadHtmlCache Behavior [ RunTime:0.000838s ]
INFO: [ app_begin ] --END-- [ RunTime:0.000922s ]
INFO: [ view_template ] --START--
INFO: Run LocationTemplate Behavior [ RunTime:0.000740s ]
INFO: [ view_template ] --END-- [ RunTime:0.000823s ]
INFO: [ view_parse ] --START--
INFO: Run ParseTemplate Behavior [ RunTime:0.010014s ]
INFO: [ view_parse ] --END-- [ RunTime:0.010114s ]
INFO: [ view_filter ] --START--
INFO: Run ContentReplace Behavior [ RunTime:0.000721s ]
INFO: Run TokenBuild Behavior [ RunTime:0.000692s ]
INFO: Run WriteHtmlCache Behavior [ RunTime:0.000708s ]
INFO: Run ShowRuntime Behavior [ RunTime:0.000695s ]
INFO: [ view_filter ] --END-- [ RunTime:0.002991s ]
INFO: [ view_end ] --START--
INFO: Run ShowPageTrace Behavior [ RunTime:0.000829s ]
INFO: [ view_end ] --END-- [ RunTime:0.000883s ]

[ 2013-07-28T23:05:41+08:00 ] 127.0.0.1 /TaoCMS/index.php/admin/Db/index
INFO: [ app_begin ] --START--
INFO: Run ReadHtmlCache Behavior [ RunTime:0.000642s ]
INFO: [ app_begin ] --END-- [ RunTime:0.000734s ]
SQL: SHOW TABLE STATUS [ RunTime:0.001374s ]
INFO: [ view_template ] --START--
INFO: Run LocationTemplate Behavior [ RunTime:0.000833s ]
INFO: [ view_template ] --END-- [ RunTime:0.000957s ]
INFO: [ view_parse ] --START--
NOTIC: [8] Undefined variable: ulist D:\wamp\www\TaoCMS\app\Runtime\Cache\admin\5f9b3f1ed998fd69707b009f76a18270.php 第 96 行.
INFO: Run ParseTemplate Behavior [ RunTime:0.009305s ]
INFO: [ view_parse ] --END-- [ RunTime:0.009403s ]
INFO: [ view_filter ] --START--
INFO: Run ContentReplace Behavior [ RunTime:0.000809s ]
INFO: Run TokenBuild Behavior [ RunTime:0.000484s ]
INFO: Run WriteHtmlCache Behavior [ RunTime:0.000393s ]
INFO: Run ShowRuntime Behavior [ RunTime:0.000578s ]
INFO: [ view_filter ] --END-- [ RunTime:0.002495s ]
INFO: [ view_end ] --START--
INFO: Run ShowPageTrace Behavior [ RunTime:0.000711s ]
INFO: [ view_end ] --END-- [ RunTime:0.000782s ]

[ 2013-07-28T23:05:41+08:00 ] 127.0.0.1 /TaoCMS/index.php/admin/Node/index
INFO: [ app_begin ] --START--
INFO: Run ReadHtmlCache Behavior [ RunTime:0.000601s ]
INFO: [ app_begin ] --END-- [ RunTime:0.000675s ]
INFO: [ view_template ] --START--
INFO: Run LocationTemplate Behavior [ RunTime:0.000555s ]
INFO: [ view_template ] --END-- [ RunTime:0.000624s ]
INFO: [ view_parse ] --START--
NOTIC: [8] Undefined variable: ulist D:\wamp\www\TaoCMS\app\Runtime\Cache\admin\dfdd937c347ba23c49f08abf1e3c396f.php 第 97 行.
INFO: Run ParseTemplate Behavior [ RunTime:0.010096s ]
INFO: [ view_parse ] --END-- [ RunTime:0.010183s ]
INFO: [ view_filter ] --START--
INFO: Run ContentReplace Behavior [ RunTime:0.000577s ]
INFO: Run TokenBuild Behavior [ RunTime:0.000447s ]
INFO: Run WriteHtmlCache Behavior [ RunTime:0.000407s ]
INFO: Run ShowRuntime Behavior [ RunTime:0.000522s ]
INFO: [ view_filter ] --END-- [ RunTime:0.002124s ]
INFO: [ view_end ] --START--
INFO: Run ShowPageTrace Behavior [ RunTime:0.000639s ]
INFO: [ view_end ] --END-- [ RunTime:0.000701s ]

[ 2013-07-28T23:05:42+08:00 ] 127.0.0.1 /TaoCMS/index.php/admin/Node/getData.html
INFO: [ app_begin ] --START--
INFO: Run ReadHtmlCache Behavior [ RunTime:0.000920s ]
INFO: [ app_begin ] --END-- [ RunTime:0.001068s ]
SQL: SHOW COLUMNS FROM `tao_node` [ RunTime:0.004167s ]
NOTIC: [2] Invalid argument supplied for foreach() D:\wamp\www\TaoCMS\app\Application\admin\Common\function.php 第 38 行.
SQL: SELECT COUNT(*) AS tp_count FROM `tao_node` LIMIT 1   [ RunTime:0.000246s ]
SQL: SELECT * FROM `tao_node` ORDER BY sort LIMIT 0,15   [ RunTime:0.000314s ]

[ 2013-07-28T23:05:43+08:00 ] 127.0.0.1 /TaoCMS/index.php/admin/Role/index
INFO: [ app_begin ] --START--
INFO: Run ReadHtmlCache Behavior [ RunTime:0.000676s ]
INFO: [ app_begin ] --END-- [ RunTime:0.000764s ]
INFO: [ view_template ] --START--
INFO: Run LocationTemplate Behavior [ RunTime:0.001275s ]
INFO: [ view_template ] --END-- [ RunTime:0.001379s ]
INFO: [ view_parse ] --START--
INFO: Run ParseTemplate Behavior [ RunTime:0.011368s ]
INFO: [ view_parse ] --END-- [ RunTime:0.011517s ]
INFO: [ view_filter ] --START--
INFO: Run ContentReplace Behavior [ RunTime:0.000603s ]
INFO: Run TokenBuild Behavior [ RunTime:0.000656s ]
INFO: Run WriteHtmlCache Behavior [ RunTime:0.000443s ]
INFO: Run ShowRuntime Behavior [ RunTime:0.000895s ]
INFO: [ view_filter ] --END-- [ RunTime:0.002782s ]
INFO: [ view_end ] --START--
INFO: Run ShowPageTrace Behavior [ RunTime:0.000661s ]
INFO: [ view_end ] --END-- [ RunTime:0.000722s ]

[ 2013-07-28T23:05:43+08:00 ] 127.0.0.1 /TaoCMS/index.php/admin/Role/getData.html
INFO: [ app_begin ] --START--
INFO: Run ReadHtmlCache Behavior [ RunTime:0.000581s ]
INFO: [ app_begin ] --END-- [ RunTime:0.000646s ]
SQL: SHOW COLUMNS FROM `tao_role` [ RunTime:0.003832s ]
NOTIC: [2] Invalid argument supplied for foreach() D:\wamp\www\TaoCMS\app\Application\admin\Common\function.php 第 38 行.
SQL: SELECT COUNT(*) AS tp_count FROM `tao_role` LIMIT 1   [ RunTime:0.000193s ]
SQL: SELECT * FROM `tao_role` LIMIT 0,15   [ RunTime:0.000223s ]

[ 2013-07-28T23:05:45+08:00 ] 127.0.0.1 /TaoCMS/index.php/admin/User/index
INFO: [ app_begin ] --START--
INFO: Run ReadHtmlCache Behavior [ RunTime:0.000777s ]
INFO: [ app_begin ] --END-- [ RunTime:0.000879s ]
INFO: [ view_template ] --START--
INFO: Run LocationTemplate Behavior [ RunTime:0.001023s ]
INFO: [ view_template ] --END-- [ RunTime:0.001107s ]
INFO: [ view_parse ] --START--
INFO: Run ParseTemplate Behavior [ RunTime:0.009988s ]
INFO: [ view_parse ] --END-- [ RunTime:0.010087s ]
INFO: [ view_filter ] --START--
INFO: Run ContentReplace Behavior [ RunTime:0.000551s ]
INFO: Run TokenBuild Behavior [ RunTime:0.000603s ]
INFO: Run WriteHtmlCache Behavior [ RunTime:0.000742s ]
INFO: Run ShowRuntime Behavior [ RunTime:0.000504s ]
INFO: [ view_filter ] --END-- [ RunTime:0.002601s ]
INFO: [ view_end ] --START--
INFO: Run ShowPageTrace Behavior [ RunTime:0.000812s ]
INFO: [ view_end ] --END-- [ RunTime:0.000887s ]

[ 2013-07-28T23:05:45+08:00 ] 127.0.0.1 /TaoCMS/index.php/admin/User/getData.html
INFO: [ app_begin ] --START--
INFO: Run ReadHtmlCache Behavior [ RunTime:0.000643s ]
INFO: [ app_begin ] --END-- [ RunTime:0.000714s ]
SQL: SHOW COLUMNS FROM `tao_user` [ RunTime:0.003682s ]
NOTIC: [2] Invalid argument supplied for foreach() D:\wamp\www\TaoCMS\app\Application\admin\Common\function.php 第 38 行.
SQL: SELECT COUNT(*) AS tp_count FROM `tao_user` LIMIT 1   [ RunTime:0.000219s ]
SQL: SELECT `id`,`username`,`nickname`,`bind_account`,`last_login_time`,`last_login_ip`,`login_count`,`verify`,`email`,`remark`,`create_time`,`update_time`,`status`,`type_id`,`info` FROM `tao_user` LIMIT 0,15   [ RunTime:0.000299s ]

