[ 2013-07-25T19:40:38+08:00 ] 127.0.0.1 /TaoCMS/
INFO: [ app_begin ] --START--
INFO: Run ReadHtmlCache Behavior [ RunTime:0.001143s ]
INFO: [ app_begin ] --END-- [ RunTime:0.001261s ]
ERR: 无法加载模块:Index

[ 2013-07-25T19:50:01+08:00 ] 127.0.0.1 /TaoCMS/
INFO: [ app_begin ] --START--
INFO: Run ReadHtmlCache Behavior [ RunTime:0.002496s ]
INFO: [ app_begin ] --END-- [ RunTime:0.002617s ]

[ 2013-07-25T19:50:19+08:00 ] 127.0.0.1 /TaoCMS/index.php/
INFO: [ route_check ] --START--
INFO: Run CheckRoute Behavior [ RunTime:0.002094s ]
INFO: [ route_check ] --END-- [ RunTime:0.002250s ]
INFO: [ app_begin ] --START--
INFO: Run ReadHtmlCache Behavior [ RunTime:0.001574s ]
INFO: [ app_begin ] --END-- [ RunTime:0.001662s ]

[ 2013-07-25T19:50:23+08:00 ] 127.0.0.1 /TaoCMS/index.php/admin/
INFO: [ route_check ] --START--
INFO: Run CheckRoute Behavior [ RunTime:0.001125s ]
INFO: [ route_check ] --END-- [ RunTime:0.001234s ]
INFO: [ app_begin ] --START--
INFO: Run ReadHtmlCache Behavior [ RunTime:0.000950s ]
INFO: [ app_begin ] --END-- [ RunTime:0.001032s ]

[ 2013-07-25T20:05:38+08:00 ] 127.0.0.1 /TaoCMS/index.php/admin/
INFO: [ route_check ] --START--
INFO: Run CheckRoute Behavior [ RunTime:0.003240s ]
INFO: [ route_check ] --END-- [ RunTime:0.003330s ]
INFO: [ app_begin ] --START--
INFO: Run ReadHtmlCache Behavior [ RunTime:0.002671s ]
INFO: [ app_begin ] --END-- [ RunTime:0.002754s ]

[ 2013-07-25T20:11:02+08:00 ] 127.0.0.1 /TaoCMS/index.php/
INFO: [ route_check ] --START--
INFO: Run CheckRoute Behavior [ RunTime:0.003068s ]
INFO: [ route_check ] --END-- [ RunTime:0.003372s ]
INFO: [ app_begin ] --START--
INFO: Run ReadHtmlCache Behavior [ RunTime:0.001846s ]
INFO: [ app_begin ] --END-- [ RunTime:0.001914s ]
ERR: 无法加载模块:Index

[ 2013-07-25T20:11:05+08:00 ] 127.0.0.1 /TaoCMS/index.php/
INFO: [ route_check ] --START--
INFO: Run CheckRoute Behavior [ RunTime:0.002342s ]
INFO: [ route_check ] --END-- [ RunTime:0.002455s ]
INFO: [ app_begin ] --START--
INFO: Run ReadHtmlCache Behavior [ RunTime:0.002512s ]
INFO: [ app_begin ] --END-- [ RunTime:0.002613s ]
ERR: 无法加载模块:Index

[ 2013-07-25T20:11:15+08:00 ] 127.0.0.1 /TaoCMS/index.php/
INFO: [ route_check ] --START--
INFO: Run CheckRoute Behavior [ RunTime:0.002932s ]
INFO: [ route_check ] --END-- [ RunTime:0.003024s ]
INFO: [ app_begin ] --START--
INFO: Run ReadHtmlCache Behavior [ RunTime:0.002090s ]
INFO: [ app_begin ] --END-- [ RunTime:0.002158s ]

[ 2013-07-25T20:12:12+08:00 ] 127.0.0.1 /TaoCMS/index.php/
INFO: [ route_check ] --START--
INFO: Run CheckRoute Behavior [ RunTime:0.001596s ]
INFO: [ route_check ] --END-- [ RunTime:0.001695s ]
INFO: [ app_begin ] --START--
INFO: Run ReadHtmlCache Behavior [ RunTime:0.002518s ]
INFO: [ app_begin ] --END-- [ RunTime:0.002580s ]
ERR: 无法加载模块:Index

[ 2013-07-25T20:25:50+08:00 ] 127.0.0.1 /TaoCMS/index.php/
INFO: [ route_check ] --START--
INFO: Run CheckRoute Behavior [ RunTime:0.002124s ]
INFO: [ route_check ] --END-- [ RunTime:0.002245s ]
INFO: [ app_begin ] --START--
INFO: Run ReadHtmlCache Behavior [ RunTime:0.001662s ]
INFO: [ app_begin ] --END-- [ RunTime:0.001761s ]
ERR: 无法加载模块:Index

[ 2013-07-25T20:25:51+08:00 ] 127.0.0.1 /TaoCMS/index.php/
INFO: [ route_check ] --START--
INFO: Run CheckRoute Behavior [ RunTime:0.002445s ]
INFO: [ route_check ] --END-- [ RunTime:0.002539s ]
INFO: [ app_begin ] --START--
INFO: Run ReadHtmlCache Behavior [ RunTime:0.002572s ]
INFO: [ app_begin ] --END-- [ RunTime:0.002634s ]
ERR: 无法加载模块:Index

[ 2013-07-25T20:27:02+08:00 ] 127.0.0.1 /TaoCMS/index.php/
INFO: [ route_check ] --START--
INFO: Run CheckRoute Behavior [ RunTime:0.003105s ]
INFO: [ route_check ] --END-- [ RunTime:0.003220s ]
INFO: [ app_begin ] --START--
INFO: Run ReadHtmlCache Behavior [ RunTime:0.001674s ]
INFO: [ app_begin ] --END-- [ RunTime:0.001768s ]

[ 2013-07-25T20:27:34+08:00 ] 127.0.0.1 /TaoCMS/index.php/admin/
INFO: [ route_check ] --START--
INFO: Run CheckRoute Behavior [ RunTime:0.001880s ]
INFO: [ route_check ] --END-- [ RunTime:0.001974s ]
INFO: [ app_begin ] --START--
INFO: Run ReadHtmlCache Behavior [ RunTime:0.001801s ]
INFO: [ app_begin ] --END-- [ RunTime:0.001866s ]

[ 2013-07-25T20:59:02+08:00 ] 127.0.0.1 /TaoCMS/index.php/admin/
ERR: 无法加载模块:Index

[ 2013-07-25T20:59:03+08:00 ] 127.0.0.1 /TaoCMS/index.php/admin/
ERR: 无法加载模块:Index

[ 2013-07-25T22:07:51+08:00 ] 127.0.0.1 /TaoCMS/index.php/
INFO: [ route_check ] --START--
INFO: Run CheckRoute Behavior [ RunTime:0.002859s ]
INFO: [ route_check ] --END-- [ RunTime:0.002983s ]
INFO: [ app_begin ] --START--
INFO: Run ReadHtmlCache Behavior [ RunTime:0.002006s ]
INFO: [ app_begin ] --END-- [ RunTime:0.002082s ]
ERR: 无法加载模块:Index

[ 2013-07-25T22:09:23+08:00 ] 127.0.0.1 /TaoCMS/index.php/
INFO: [ route_check ] --START--
INFO: Run CheckRoute Behavior [ RunTime:0.002833s ]
INFO: [ route_check ] --END-- [ RunTime:0.002929s ]
INFO: [ app_begin ] --START--
INFO: Run ReadHtmlCache Behavior [ RunTime:0.002100s ]
INFO: [ app_begin ] --END-- [ RunTime:0.002161s ]
ERR: 无法加载模块:Index

[ 2013-07-25T22:09:50+08:00 ] 127.0.0.1 /TaoCMS/index.php/
ERR: 无法加载模块:Index

[ 2013-07-25T22:11:11+08:00 ] 127.0.0.1 /TaoCMS/index.php/
ERR: 无法加载模块:Index

[ 2013-07-25T22:17:34+08:00 ] 127.0.0.1 /TaoCMS/index.php/admin/
ERR: 无法加载模块:Index

[ 2013-07-25T22:17:36+08:00 ] 127.0.0.1 /TaoCMS/index.php/admin/
ERR: 无法加载模块:Index

[ 2013-07-25T22:18:11+08:00 ] 127.0.0.1 /TaoCMS/index.php/admin/
ERR: 无法加载模块:Index

