[ 2013-07-31T20:15:15+08:00 ] 127.0.0.1 /TaoCMS/index.php/admin/
INFO: [ app_begin ] --START--
INFO: Run ReadHtmlCache Behavior [ RunTime:0.001303s ]
INFO: [ app_begin ] --END-- [ RunTime:0.001442s ]

[ 2013-07-31T20:15:15+08:00 ] 127.0.0.1 /TaoCMS/index.php/admin/Public/login.html
INFO: [ app_begin ] --START--
INFO: Run ReadHtmlCache Behavior [ RunTime:0.000759s ]
INFO: [ app_begin ] --END-- [ RunTime:0.000907s ]
INFO: [ view_template ] --START--
INFO: Run LocationTemplate Behavior [ RunTime:0.015475s ]
INFO: [ view_template ] --END-- [ RunTime:0.015681s ]
INFO: [ view_parse ] --START--
INFO: Run ParseTemplate Behavior [ RunTime:0.061929s ]
INFO: [ view_parse ] --END-- [ RunTime:0.062062s ]
INFO: [ view_filter ] --START--
INFO: Run ContentReplace Behavior [ RunTime:0.002330s ]
INFO: Run TokenBuild Behavior [ RunTime:0.001887s ]
INFO: Run WriteHtmlCache Behavior [ RunTime:0.009455s ]
INFO: Run ShowRuntime Behavior [ RunTime:0.001967s ]
INFO: [ view_filter ] --END-- [ RunTime:0.015952s ]
INFO: [ view_end ] --START--
INFO: Run ShowPageTrace Behavior [ RunTime:0.009179s ]
INFO: [ view_end ] --END-- [ RunTime:0.009257s ]

[ 2013-07-31T20:15:16+08:00 ] 127.0.0.1 /TaoCMS/index.php/admin/Public/verify.html
INFO: [ app_begin ] --START--
INFO: Run ReadHtmlCache Behavior [ RunTime:0.002456s ]
INFO: [ app_begin ] --END-- [ RunTime:0.002537s ]

