[ 2013-07-29T00:05:12+08:00 ] 127.0.0.1 /TaoCMS/index.php/admin/Index/index.html
INFO: [ app_begin ] --START--
INFO: Run ReadHtmlCache Behavior [ RunTime:0.000756s ]
INFO: [ app_begin ] --END-- [ RunTime:0.000834s ]
INFO: [ view_template ] --START--
INFO: Run LocationTemplate Behavior [ RunTime:0.002400s ]
INFO: [ view_template ] --END-- [ RunTime:0.002481s ]
INFO: [ view_parse ] --START--
NOTIC: [8] Undefined variable: list D:\wamp\www\TaoCMS\app\Runtime\Cache\admin\d94d2cbf9d8370dc6ea6a177a6f41dba.php 第 13 行.
SQL: SHOW COLUMNS FROM `tao_node` [ RunTime:0.003965s ]
SQL: SELECT * FROM `tao_node` WHERE ( name='System' and level<3 ) LIMIT 1   [ RunTime:0.000661s ]
SQL: SELECT * FROM `tao_node` WHERE ( name='User' and level<3 ) LIMIT 1   [ RunTime:0.000255s ]
SQL: SELECT * FROM `tao_node` WHERE ( name='User' and level<3 ) LIMIT 1   [ RunTime:0.000228s ]
SQL: SELECT * FROM `tao_node` WHERE ( name='Role' and level<3 ) LIMIT 1   [ RunTime:0.000239s ]
SQL: SELECT * FROM `tao_node` WHERE ( name='Role' and level<3 ) LIMIT 1   [ RunTime:0.000520s ]
SQL: SELECT * FROM `tao_node` WHERE ( name='Node' and level<3 ) LIMIT 1   [ RunTime:0.000248s ]
SQL: SELECT * FROM `tao_node` WHERE ( name='Node' and level<3 ) LIMIT 1   [ RunTime:0.000500s ]
SQL: SELECT * FROM `tao_node` WHERE ( name='Db' and level<3 ) LIMIT 1   [ RunTime:0.000525s ]
SQL: SELECT * FROM `tao_node` WHERE ( name='Db' and level<3 ) LIMIT 1   [ RunTime:0.000517s ]
SQL: SELECT * FROM `tao_node` WHERE ( name='Sysinfo' and level<3 ) LIMIT 1   [ RunTime:0.000499s ]
SQL: SELECT * FROM `tao_node` WHERE ( name='Sysinfo' and level<3 ) LIMIT 1   [ RunTime:0.000497s ]
NOTIC: [8] Undefined variable: info D:\wamp\www\TaoCMS\app\Runtime\Cache\admin\d94d2cbf9d8370dc6ea6a177a6f41dba.php 第 129 行.
INFO: Run ParseTemplate Behavior [ RunTime:0.134583s ]
INFO: [ view_parse ] --END-- [ RunTime:0.134659s ]
INFO: [ view_filter ] --START--
INFO: Run ContentReplace Behavior [ RunTime:0.001776s ]
INFO: Run TokenBuild Behavior [ RunTime:0.001303s ]
INFO: Run WriteHtmlCache Behavior [ RunTime:0.001512s ]
INFO: Run ShowRuntime Behavior [ RunTime:0.001385s ]
INFO: [ view_filter ] --END-- [ RunTime:0.006139s ]
INFO: [ view_end ] --START--
INFO: Run ShowPageTrace Behavior [ RunTime:0.001663s ]
INFO: [ view_end ] --END-- [ RunTime:0.001715s ]

[ 2013-07-29T00:05:13+08:00 ] 127.0.0.1 /TaoCMS/index.php/admin/Index/main.html
INFO: [ app_begin ] --START--
INFO: Run ReadHtmlCache Behavior [ RunTime:0.001181s ]
INFO: [ app_begin ] --END-- [ RunTime:0.001360s ]
INFO: [ view_template ] --START--
INFO: Run LocationTemplate Behavior [ RunTime:0.001912s ]
INFO: [ view_template ] --END-- [ RunTime:0.002125s ]
INFO: [ view_parse ] --START--
INFO: Run ParseTemplate Behavior [ RunTime:0.014252s ]
INFO: [ view_parse ] --END-- [ RunTime:0.014413s ]
INFO: [ view_filter ] --START--
INFO: Run ContentReplace Behavior [ RunTime:0.001345s ]
INFO: Run TokenBuild Behavior [ RunTime:0.000916s ]
INFO: Run WriteHtmlCache Behavior [ RunTime:0.000858s ]
INFO: Run ShowRuntime Behavior [ RunTime:0.001167s ]
INFO: [ view_filter ] --END-- [ RunTime:0.004642s ]
INFO: [ view_end ] --START--
INFO: Run ShowPageTrace Behavior [ RunTime:0.001347s ]
INFO: [ view_end ] --END-- [ RunTime:0.001462s ]

[ 2013-07-29T00:05:13+08:00 ] 127.0.0.1 /TaoCMS/index.php/admin/Index/main.html
INFO: [ app_begin ] --START--
INFO: Run ReadHtmlCache Behavior [ RunTime:0.001248s ]
INFO: [ app_begin ] --END-- [ RunTime:0.001384s ]
INFO: [ view_template ] --START--
INFO: Run LocationTemplate Behavior [ RunTime:0.001868s ]
INFO: [ view_template ] --END-- [ RunTime:0.002156s ]
INFO: [ view_parse ] --START--
INFO: Run ParseTemplate Behavior [ RunTime:0.024075s ]
INFO: [ view_parse ] --END-- [ RunTime:0.024367s ]
INFO: [ view_filter ] --START--
INFO: Run ContentReplace Behavior [ RunTime:0.001470s ]
INFO: Run TokenBuild Behavior [ RunTime:0.001092s ]
INFO: Run WriteHtmlCache Behavior [ RunTime:0.000781s ]
INFO: Run ShowRuntime Behavior [ RunTime:0.001055s ]
INFO: [ view_filter ] --END-- [ RunTime:0.004713s ]
INFO: [ view_end ] --START--
INFO: Run ShowPageTrace Behavior [ RunTime:0.001308s ]
INFO: [ view_end ] --END-- [ RunTime:0.001413s ]

[ 2013-07-29T00:05:13+08:00 ] 127.0.0.1 /TaoCMS/index.php/admin/Index/main.html
INFO: [ app_begin ] --START--
INFO: Run ReadHtmlCache Behavior [ RunTime:0.001213s ]
INFO: [ app_begin ] --END-- [ RunTime:0.001344s ]
INFO: [ view_template ] --START--
INFO: Run LocationTemplate Behavior [ RunTime:0.001376s ]
INFO: [ view_template ] --END-- [ RunTime:0.001561s ]
INFO: [ view_parse ] --START--
INFO: Run ParseTemplate Behavior [ RunTime:0.014359s ]
INFO: [ view_parse ] --END-- [ RunTime:0.014771s ]
INFO: [ view_filter ] --START--
INFO: Run ContentReplace Behavior [ RunTime:0.001598s ]
INFO: Run TokenBuild Behavior [ RunTime:0.001362s ]
INFO: Run WriteHtmlCache Behavior [ RunTime:0.001170s ]
INFO: Run ShowRuntime Behavior [ RunTime:0.000881s ]
INFO: [ view_filter ] --END-- [ RunTime:0.005428s ]
INFO: [ view_end ] --START--
INFO: Run ShowPageTrace Behavior [ RunTime:0.003233s ]
INFO: [ view_end ] --END-- [ RunTime:0.003398s ]

[ 2013-07-29T00:05:14+08:00 ] 127.0.0.1 /TaoCMS/index.php/admin/Sysinfo/index
INFO: [ app_begin ] --START--
INFO: Run ReadHtmlCache Behavior [ RunTime:0.000893s ]
INFO: [ app_begin ] --END-- [ RunTime:0.001022s ]
INFO: [ view_template ] --START--
INFO: Run LocationTemplate Behavior [ RunTime:0.001811s ]
INFO: [ view_template ] --END-- [ RunTime:0.001899s ]
INFO: [ view_parse ] --START--
INFO: Run ParseTemplate Behavior [ RunTime:0.008731s ]
INFO: [ view_parse ] --END-- [ RunTime:0.008860s ]
INFO: [ view_filter ] --START--
INFO: Run ContentReplace Behavior [ RunTime:0.001231s ]
INFO: Run TokenBuild Behavior [ RunTime:0.001310s ]
INFO: Run WriteHtmlCache Behavior [ RunTime:0.001186s ]
INFO: Run ShowRuntime Behavior [ RunTime:0.000869s ]
INFO: [ view_filter ] --END-- [ RunTime:0.004960s ]
INFO: [ view_end ] --START--
INFO: Run ShowPageTrace Behavior [ RunTime:0.001406s ]
INFO: [ view_end ] --END-- [ RunTime:0.001512s ]

[ 2013-07-29T00:05:14+08:00 ] 127.0.0.1 /TaoCMS/index.php/admin/Sysinfo/site.html
INFO: [ app_begin ] --START--
INFO: Run ReadHtmlCache Behavior [ RunTime:0.001266s ]
INFO: [ app_begin ] --END-- [ RunTime:0.001434s ]
INFO: [ view_template ] --START--
INFO: Run LocationTemplate Behavior [ RunTime:0.000869s ]
INFO: [ view_template ] --END-- [ RunTime:0.001015s ]
INFO: [ view_parse ] --START--
INFO: Run ParseTemplate Behavior [ RunTime:0.009206s ]
INFO: [ view_parse ] --END-- [ RunTime:0.009347s ]
INFO: [ view_filter ] --START--
INFO: Run ContentReplace Behavior [ RunTime:0.000754s ]
INFO: Run TokenBuild Behavior [ RunTime:0.000635s ]
INFO: Run WriteHtmlCache Behavior [ RunTime:0.000346s ]
INFO: Run ShowRuntime Behavior [ RunTime:0.000551s ]
INFO: [ view_filter ] --END-- [ RunTime:0.002488s ]
INFO: [ view_end ] --START--
INFO: Run ShowPageTrace Behavior [ RunTime:0.000665s ]
INFO: [ view_end ] --END-- [ RunTime:0.000745s ]

[ 2013-07-29T00:05:14+08:00 ] 127.0.0.1 /TaoCMS/index.php/admin/Sysinfo/site.html
INFO: [ app_begin ] --START--
INFO: Run ReadHtmlCache Behavior [ RunTime:0.000888s ]
INFO: [ app_begin ] --END-- [ RunTime:0.001025s ]
INFO: [ view_template ] --START--
INFO: Run LocationTemplate Behavior [ RunTime:0.001033s ]
INFO: [ view_template ] --END-- [ RunTime:0.001128s ]
INFO: [ view_parse ] --START--
INFO: Run ParseTemplate Behavior [ RunTime:0.013657s ]
INFO: [ view_parse ] --END-- [ RunTime:0.013787s ]
INFO: [ view_filter ] --START--
INFO: Run ContentReplace Behavior [ RunTime:0.001218s ]
INFO: Run TokenBuild Behavior [ RunTime:0.001396s ]
INFO: Run WriteHtmlCache Behavior [ RunTime:0.001641s ]
INFO: Run ShowRuntime Behavior [ RunTime:0.000759s ]
INFO: [ view_filter ] --END-- [ RunTime:0.006062s ]
INFO: [ view_end ] --START--
INFO: Run ShowPageTrace Behavior [ RunTime:0.000992s ]
INFO: [ view_end ] --END-- [ RunTime:0.001049s ]

[ 2013-07-29T00:06:07+08:00 ] 127.0.0.1 /TaoCMS/index.php/admin/Index/index.html
INFO: [ app_begin ] --START--
INFO: Run ReadHtmlCache Behavior [ RunTime:0.001236s ]
INFO: [ app_begin ] --END-- [ RunTime:0.001311s ]
INFO: [ view_template ] --START--
INFO: Run LocationTemplate Behavior [ RunTime:0.002507s ]
INFO: [ view_template ] --END-- [ RunTime:0.002585s ]
INFO: [ view_parse ] --START--
NOTIC: [8] Undefined variable: list D:\wamp\www\TaoCMS\app\Runtime\Cache\admin\d94d2cbf9d8370dc6ea6a177a6f41dba.php 第 13 行.
SQL: SHOW COLUMNS FROM `tao_node` [ RunTime:0.004119s ]
SQL: SELECT * FROM `tao_node` WHERE ( name='System' and level<3 ) LIMIT 1   [ RunTime:0.000434s ]
SQL: SELECT * FROM `tao_node` WHERE ( name='User' and level<3 ) LIMIT 1   [ RunTime:0.000458s ]
SQL: SELECT * FROM `tao_node` WHERE ( name='User' and level<3 ) LIMIT 1   [ RunTime:0.000314s ]
SQL: SELECT * FROM `tao_node` WHERE ( name='Role' and level<3 ) LIMIT 1   [ RunTime:0.000248s ]
SQL: SELECT * FROM `tao_node` WHERE ( name='Role' and level<3 ) LIMIT 1   [ RunTime:0.000432s ]
SQL: SELECT * FROM `tao_node` WHERE ( name='Node' and level<3 ) LIMIT 1   [ RunTime:0.000311s ]
SQL: SELECT * FROM `tao_node` WHERE ( name='Node' and level<3 ) LIMIT 1   [ RunTime:0.000457s ]
SQL: SELECT * FROM `tao_node` WHERE ( name='Db' and level<3 ) LIMIT 1   [ RunTime:0.000465s ]
SQL: SELECT * FROM `tao_node` WHERE ( name='Db' and level<3 ) LIMIT 1   [ RunTime:0.000446s ]
SQL: SELECT * FROM `tao_node` WHERE ( name='Sysinfo' and level<3 ) LIMIT 1   [ RunTime:0.000448s ]
SQL: SELECT * FROM `tao_node` WHERE ( name='Sysinfo' and level<3 ) LIMIT 1   [ RunTime:0.000385s ]
NOTIC: [8] Undefined variable: info D:\wamp\www\TaoCMS\app\Runtime\Cache\admin\d94d2cbf9d8370dc6ea6a177a6f41dba.php 第 129 行.
INFO: Run ParseTemplate Behavior [ RunTime:0.047941s ]
INFO: [ view_parse ] --END-- [ RunTime:0.048018s ]
INFO: [ view_filter ] --START--
INFO: Run ContentReplace Behavior [ RunTime:0.001253s ]
INFO: Run TokenBuild Behavior [ RunTime:0.002101s ]
INFO: Run WriteHtmlCache Behavior [ RunTime:0.000596s ]
INFO: Run ShowRuntime Behavior [ RunTime:0.000711s ]
INFO: [ view_filter ] --END-- [ RunTime:0.004843s ]
INFO: [ view_end ] --START--
INFO: Run ShowPageTrace Behavior [ RunTime:0.000860s ]
INFO: [ view_end ] --END-- [ RunTime:0.000914s ]

[ 2013-07-29T00:06:07+08:00 ] 127.0.0.1 /TaoCMS/index.php/admin/Index/main.html
INFO: [ app_begin ] --START--
INFO: Run ReadHtmlCache Behavior [ RunTime:0.001134s ]
INFO: [ app_begin ] --END-- [ RunTime:0.001259s ]
INFO: [ view_template ] --START--
INFO: Run LocationTemplate Behavior [ RunTime:0.001402s ]
INFO: [ view_template ] --END-- [ RunTime:0.001503s ]
INFO: [ view_parse ] --START--
INFO: Run ParseTemplate Behavior [ RunTime:0.025025s ]
INFO: [ view_parse ] --END-- [ RunTime:0.025173s ]
INFO: [ view_filter ] --START--
INFO: Run ContentReplace Behavior [ RunTime:0.001302s ]
INFO: Run TokenBuild Behavior [ RunTime:0.001318s ]
INFO: Run WriteHtmlCache Behavior [ RunTime:0.001036s ]
INFO: Run ShowRuntime Behavior [ RunTime:0.001055s ]
INFO: [ view_filter ] --END-- [ RunTime:0.005093s ]
INFO: [ view_end ] --START--
INFO: Run ShowPageTrace Behavior [ RunTime:0.001713s ]
INFO: [ view_end ] --END-- [ RunTime:0.001837s ]

[ 2013-07-29T00:06:07+08:00 ] 127.0.0.1 /TaoCMS/index.php/admin/Index/main.html
INFO: [ app_begin ] --START--
INFO: Run ReadHtmlCache Behavior [ RunTime:0.002040s ]
INFO: [ app_begin ] --END-- [ RunTime:0.002228s ]
INFO: [ view_template ] --START--
INFO: Run LocationTemplate Behavior [ RunTime:0.001879s ]
INFO: [ view_template ] --END-- [ RunTime:0.002016s ]
INFO: [ view_parse ] --START--
INFO: Run ParseTemplate Behavior [ RunTime:0.012699s ]
INFO: [ view_parse ] --END-- [ RunTime:0.012818s ]
INFO: [ view_filter ] --START--
INFO: Run ContentReplace Behavior [ RunTime:0.000643s ]
INFO: Run TokenBuild Behavior [ RunTime:0.000664s ]
INFO: Run WriteHtmlCache Behavior [ RunTime:0.000716s ]
INFO: Run ShowRuntime Behavior [ RunTime:0.001177s ]
INFO: [ view_filter ] --END-- [ RunTime:0.003448s ]
INFO: [ view_end ] --START--
INFO: Run ShowPageTrace Behavior [ RunTime:0.001046s ]
INFO: [ view_end ] --END-- [ RunTime:0.001130s ]

[ 2013-07-29T00:06:07+08:00 ] 127.0.0.1 /TaoCMS/index.php/admin/Index/main.html
INFO: [ app_begin ] --START--
INFO: Run ReadHtmlCache Behavior [ RunTime:0.000646s ]
INFO: [ app_begin ] --END-- [ RunTime:0.000723s ]
INFO: [ view_template ] --START--
INFO: Run LocationTemplate Behavior [ RunTime:0.000571s ]
INFO: [ view_template ] --END-- [ RunTime:0.000676s ]
INFO: [ view_parse ] --START--
INFO: Run ParseTemplate Behavior [ RunTime:0.008516s ]
INFO: [ view_parse ] --END-- [ RunTime:0.008656s ]
INFO: [ view_filter ] --START--
INFO: Run ContentReplace Behavior [ RunTime:0.000452s ]
INFO: Run TokenBuild Behavior [ RunTime:0.000457s ]
INFO: Run WriteHtmlCache Behavior [ RunTime:0.000390s ]
INFO: Run ShowRuntime Behavior [ RunTime:0.000497s ]
INFO: [ view_filter ] --END-- [ RunTime:0.001988s ]
INFO: [ view_end ] --START--
INFO: Run ShowPageTrace Behavior [ RunTime:0.000648s ]
INFO: [ view_end ] --END-- [ RunTime:0.000705s ]

[ 2013-07-29T00:06:08+08:00 ] 127.0.0.1 /TaoCMS/index.php/admin/Sysinfo/index
INFO: [ app_begin ] --START--
INFO: Run ReadHtmlCache Behavior [ RunTime:0.001096s ]
INFO: [ app_begin ] --END-- [ RunTime:0.001289s ]
INFO: [ view_template ] --START--
INFO: Run LocationTemplate Behavior [ RunTime:0.001068s ]
INFO: [ view_template ] --END-- [ RunTime:0.001146s ]
INFO: [ view_parse ] --START--
INFO: Run ParseTemplate Behavior [ RunTime:0.008515s ]
INFO: [ view_parse ] --END-- [ RunTime:0.008641s ]
INFO: [ view_filter ] --START--
INFO: Run ContentReplace Behavior [ RunTime:0.000739s ]
INFO: Run TokenBuild Behavior [ RunTime:0.000593s ]
INFO: Run WriteHtmlCache Behavior [ RunTime:0.000360s ]
INFO: Run ShowRuntime Behavior [ RunTime:0.000615s ]
INFO: [ view_filter ] --END-- [ RunTime:0.002498s ]
INFO: [ view_end ] --START--
INFO: Run ShowPageTrace Behavior [ RunTime:0.000738s ]
INFO: [ view_end ] --END-- [ RunTime:0.000793s ]

[ 2013-07-29T00:06:08+08:00 ] 127.0.0.1 /TaoCMS/index.php/admin/Sysinfo/site.html
INFO: [ app_begin ] --START--
INFO: Run ReadHtmlCache Behavior [ RunTime:0.001309s ]
INFO: [ app_begin ] --END-- [ RunTime:0.001484s ]
INFO: [ view_template ] --START--
INFO: Run LocationTemplate Behavior [ RunTime:0.000682s ]
INFO: [ view_template ] --END-- [ RunTime:0.000803s ]
INFO: [ view_parse ] --START--
INFO: Run ParseTemplate Behavior [ RunTime:0.009506s ]
INFO: [ view_parse ] --END-- [ RunTime:0.009615s ]
INFO: [ view_filter ] --START--
INFO: Run ContentReplace Behavior [ RunTime:0.000560s ]
INFO: Run TokenBuild Behavior [ RunTime:0.000450s ]
INFO: Run WriteHtmlCache Behavior [ RunTime:0.000331s ]
INFO: Run ShowRuntime Behavior [ RunTime:0.000493s ]
INFO: [ view_filter ] --END-- [ RunTime:0.002013s ]
INFO: [ view_end ] --START--
INFO: Run ShowPageTrace Behavior [ RunTime:0.000652s ]
INFO: [ view_end ] --END-- [ RunTime:0.000719s ]

[ 2013-07-29T00:06:08+08:00 ] 127.0.0.1 /TaoCMS/index.php/admin/Sysinfo/site.html
INFO: [ app_begin ] --START--
INFO: Run ReadHtmlCache Behavior [ RunTime:0.000828s ]
INFO: [ app_begin ] --END-- [ RunTime:0.000941s ]
INFO: [ view_template ] --START--
INFO: Run LocationTemplate Behavior [ RunTime:0.000927s ]
INFO: [ view_template ] --END-- [ RunTime:0.001013s ]
INFO: [ view_parse ] --START--
INFO: Run ParseTemplate Behavior [ RunTime:0.009247s ]
INFO: [ view_parse ] --END-- [ RunTime:0.009363s ]
INFO: [ view_filter ] --START--
INFO: Run ContentReplace Behavior [ RunTime:0.001766s ]
INFO: Run TokenBuild Behavior [ RunTime:0.001171s ]
INFO: Run WriteHtmlCache Behavior [ RunTime:0.000620s ]
INFO: Run ShowRuntime Behavior [ RunTime:0.000510s ]
INFO: [ view_filter ] --END-- [ RunTime:0.004359s ]
INFO: [ view_end ] --START--
INFO: Run ShowPageTrace Behavior [ RunTime:0.000918s ]
INFO: [ view_end ] --END-- [ RunTime:0.000972s ]

[ 2013-07-29T00:06:18+08:00 ] 127.0.0.1 /TaoCMS/index.php/admin/Sysinfo/config.html
INFO: [ app_begin ] --START--
INFO: Run ReadHtmlCache Behavior [ RunTime:0.000865s ]
INFO: [ app_begin ] --END-- [ RunTime:0.000948s ]
INFO: [ view_template ] --START--
INFO: Run LocationTemplate Behavior [ RunTime:0.000958s ]
INFO: [ view_template ] --END-- [ RunTime:0.001063s ]
INFO: [ view_parse ] --START--
INFO: Run ParseTemplate Behavior [ RunTime:0.025291s ]
INFO: [ view_parse ] --END-- [ RunTime:0.025390s ]
INFO: [ view_filter ] --START--
INFO: Run ContentReplace Behavior [ RunTime:0.000766s ]
INFO: Run TokenBuild Behavior [ RunTime:0.000431s ]
INFO: Run WriteHtmlCache Behavior [ RunTime:0.000503s ]
INFO: Run ShowRuntime Behavior [ RunTime:0.000668s ]
INFO: [ view_filter ] --END-- [ RunTime:0.002523s ]
INFO: [ view_end ] --START--
INFO: Run ShowPageTrace Behavior [ RunTime:0.000774s ]
INFO: [ view_end ] --END-- [ RunTime:0.000828s ]

[ 2013-07-29T00:06:19+08:00 ] 127.0.0.1 /TaoCMS/index.php/admin/Sysinfo/site.html
INFO: [ app_begin ] --START--
INFO: Run ReadHtmlCache Behavior [ RunTime:0.000674s ]
INFO: [ app_begin ] --END-- [ RunTime:0.000750s ]
INFO: [ view_template ] --START--
INFO: Run LocationTemplate Behavior [ RunTime:0.000583s ]
INFO: [ view_template ] --END-- [ RunTime:0.000658s ]
INFO: [ view_parse ] --START--
INFO: Run ParseTemplate Behavior [ RunTime:0.009434s ]
INFO: [ view_parse ] --END-- [ RunTime:0.009559s ]
INFO: [ view_filter ] --START--
INFO: Run ContentReplace Behavior [ RunTime:0.000484s ]
INFO: Run TokenBuild Behavior [ RunTime:0.000442s ]
INFO: Run WriteHtmlCache Behavior [ RunTime:0.000355s ]
INFO: Run ShowRuntime Behavior [ RunTime:0.000659s ]
INFO: [ view_filter ] --END-- [ RunTime:0.002111s ]
INFO: [ view_end ] --START--
INFO: Run ShowPageTrace Behavior [ RunTime:0.000686s ]
INFO: [ view_end ] --END-- [ RunTime:0.000740s ]

[ 2013-07-29T00:08:02+08:00 ] 127.0.0.1 /TaoCMS/index.php/admin/Db/index
INFO: [ app_begin ] --START--
INFO: Run ReadHtmlCache Behavior [ RunTime:0.000876s ]
INFO: [ app_begin ] --END-- [ RunTime:0.000953s ]
SQL: SHOW TABLE STATUS [ RunTime:0.005016s ]
INFO: [ view_template ] --START--
INFO: Run LocationTemplate Behavior [ RunTime:0.001895s ]
INFO: [ view_template ] --END-- [ RunTime:0.002014s ]
INFO: [ view_parse ] --START--
NOTIC: [8] Undefined variable: ulist D:\wamp\www\TaoCMS\app\Runtime\Cache\admin\5f9b3f1ed998fd69707b009f76a18270.php 第 96 行.
INFO: Run ParseTemplate Behavior [ RunTime:0.011941s ]
INFO: [ view_parse ] --END-- [ RunTime:0.012016s ]
INFO: [ view_filter ] --START--
INFO: Run ContentReplace Behavior [ RunTime:0.001009s ]
INFO: Run TokenBuild Behavior [ RunTime:0.001023s ]
INFO: Run WriteHtmlCache Behavior [ RunTime:0.000578s ]
INFO: Run ShowRuntime Behavior [ RunTime:0.000890s ]
INFO: [ view_filter ] --END-- [ RunTime:0.003738s ]
INFO: [ view_end ] --START--
INFO: Run ShowPageTrace Behavior [ RunTime:0.001066s ]
INFO: [ view_end ] --END-- [ RunTime:0.001138s ]

[ 2013-07-29T00:08:06+08:00 ] 127.0.0.1 /TaoCMS/index.php/admin/Db/import
INFO: [ app_begin ] --START--
INFO: Run ReadHtmlCache Behavior [ RunTime:0.001032s ]
INFO: [ app_begin ] --END-- [ RunTime:0.001149s ]
NOTIC: [8] Undefined variable: arr D:\wamp\www\TaoCMS\app\Application\admin\Action\DbAction.class.php 第 22 行.
INFO: [ view_template ] --START--
INFO: Run LocationTemplate Behavior [ RunTime:0.000903s ]
INFO: [ view_template ] --END-- [ RunTime:0.000977s ]
INFO: [ view_parse ] --START--
INFO: Run ParseTemplate Behavior [ RunTime:0.009304s ]
INFO: [ view_parse ] --END-- [ RunTime:0.009432s ]
INFO: [ view_filter ] --START--
INFO: Run ContentReplace Behavior [ RunTime:0.000777s ]
INFO: Run TokenBuild Behavior [ RunTime:0.000610s ]
INFO: Run WriteHtmlCache Behavior [ RunTime:0.000520s ]
INFO: Run ShowRuntime Behavior [ RunTime:0.000764s ]
INFO: [ view_filter ] --END-- [ RunTime:0.002919s ]
INFO: [ view_end ] --START--
INFO: Run ShowPageTrace Behavior [ RunTime:0.000882s ]
INFO: [ view_end ] --END-- [ RunTime:0.000951s ]

[ 2013-07-29T00:08:14+08:00 ] 127.0.0.1 /TaoCMS/index.php/admin/Role/index
INFO: [ app_begin ] --START--
INFO: Run ReadHtmlCache Behavior [ RunTime:0.000851s ]
INFO: [ app_begin ] --END-- [ RunTime:0.000915s ]
INFO: [ view_template ] --START--
INFO: Run LocationTemplate Behavior [ RunTime:0.001735s ]
INFO: [ view_template ] --END-- [ RunTime:0.001885s ]
INFO: [ view_parse ] --START--
INFO: Run ParseTemplate Behavior [ RunTime:0.011684s ]
INFO: [ view_parse ] --END-- [ RunTime:0.011814s ]
INFO: [ view_filter ] --START--
INFO: Run ContentReplace Behavior [ RunTime:0.001085s ]
INFO: Run TokenBuild Behavior [ RunTime:0.000875s ]
INFO: Run WriteHtmlCache Behavior [ RunTime:0.000536s ]
INFO: Run ShowRuntime Behavior [ RunTime:0.000721s ]
INFO: [ view_filter ] --END-- [ RunTime:0.003414s ]
INFO: [ view_end ] --START--
INFO: Run ShowPageTrace Behavior [ RunTime:0.000826s ]
INFO: [ view_end ] --END-- [ RunTime:0.000881s ]

[ 2013-07-29T00:08:14+08:00 ] 127.0.0.1 /TaoCMS/index.php/admin/Role/getData.html
INFO: [ app_begin ] --START--
INFO: Run ReadHtmlCache Behavior [ RunTime:0.000828s ]
INFO: [ app_begin ] --END-- [ RunTime:0.000945s ]
SQL: SHOW COLUMNS FROM `tao_role` [ RunTime:0.003701s ]
NOTIC: [2] Invalid argument supplied for foreach() D:\wamp\www\TaoCMS\app\Application\admin\Common\function.php 第 38 行.
SQL: SELECT COUNT(*) AS tp_count FROM `tao_role` LIMIT 1   [ RunTime:0.000298s ]
SQL: SELECT * FROM `tao_role` LIMIT 0,15   [ RunTime:0.000300s ]

[ 2013-07-29T00:08:16+08:00 ] 127.0.0.1 /TaoCMS/index.php/admin/User/index
INFO: [ app_begin ] --START--
INFO: Run ReadHtmlCache Behavior [ RunTime:0.000779s ]
INFO: [ app_begin ] --END-- [ RunTime:0.000901s ]
INFO: [ view_template ] --START--
INFO: Run LocationTemplate Behavior [ RunTime:0.001163s ]
INFO: [ view_template ] --END-- [ RunTime:0.001256s ]
INFO: [ view_parse ] --START--
INFO: Run ParseTemplate Behavior [ RunTime:0.009685s ]
INFO: [ view_parse ] --END-- [ RunTime:0.009837s ]
INFO: [ view_filter ] --START--
INFO: Run ContentReplace Behavior [ RunTime:0.000923s ]
INFO: Run TokenBuild Behavior [ RunTime:0.000674s ]
INFO: Run WriteHtmlCache Behavior [ RunTime:0.000395s ]
INFO: Run ShowRuntime Behavior [ RunTime:0.000621s ]
INFO: [ view_filter ] --END-- [ RunTime:0.002820s ]
INFO: [ view_end ] --START--
INFO: Run ShowPageTrace Behavior [ RunTime:0.000684s ]
INFO: [ view_end ] --END-- [ RunTime:0.000790s ]

[ 2013-07-29T00:08:16+08:00 ] 127.0.0.1 /TaoCMS/index.php/admin/User/getData.html
INFO: [ app_begin ] --START--
INFO: Run ReadHtmlCache Behavior [ RunTime:0.000663s ]
INFO: [ app_begin ] --END-- [ RunTime:0.000731s ]
SQL: SHOW COLUMNS FROM `tao_user` [ RunTime:0.004518s ]
NOTIC: [2] Invalid argument supplied for foreach() D:\wamp\www\TaoCMS\app\Application\admin\Common\function.php 第 38 行.
SQL: SELECT COUNT(*) AS tp_count FROM `tao_user` LIMIT 1   [ RunTime:0.000319s ]
SQL: SELECT `id`,`username`,`nickname`,`bind_account`,`last_login_time`,`last_login_ip`,`login_count`,`verify`,`email`,`remark`,`create_time`,`update_time`,`status`,`type_id`,`info` FROM `tao_user` LIMIT 0,15   [ RunTime:0.000346s ]

[ 2013-07-29T00:08:18+08:00 ] 127.0.0.1 /TaoCMS/index.php/admin/Node/index
INFO: [ app_begin ] --START--
INFO: Run ReadHtmlCache Behavior [ RunTime:0.000944s ]
INFO: [ app_begin ] --END-- [ RunTime:0.001051s ]
INFO: [ view_template ] --START--
INFO: Run LocationTemplate Behavior [ RunTime:0.001134s ]
INFO: [ view_template ] --END-- [ RunTime:0.001209s ]
INFO: [ view_parse ] --START--
NOTIC: [8] Undefined variable: ulist D:\wamp\www\TaoCMS\app\Runtime\Cache\admin\dfdd937c347ba23c49f08abf1e3c396f.php 第 97 行.
INFO: Run ParseTemplate Behavior [ RunTime:0.009764s ]
INFO: [ view_parse ] --END-- [ RunTime:0.009853s ]
INFO: [ view_filter ] --START--
INFO: Run ContentReplace Behavior [ RunTime:0.000722s ]
INFO: Run TokenBuild Behavior [ RunTime:0.000515s ]
INFO: Run WriteHtmlCache Behavior [ RunTime:0.000463s ]
INFO: Run ShowRuntime Behavior [ RunTime:0.001040s ]
INFO: [ view_filter ] --END-- [ RunTime:0.002933s ]
INFO: [ view_end ] --START--
INFO: Run ShowPageTrace Behavior [ RunTime:0.000722s ]
INFO: [ view_end ] --END-- [ RunTime:0.000782s ]

[ 2013-07-29T00:08:18+08:00 ] 127.0.0.1 /TaoCMS/index.php/admin/Node/getData.html
INFO: [ app_begin ] --START--
INFO: Run ReadHtmlCache Behavior [ RunTime:0.000605s ]
INFO: [ app_begin ] --END-- [ RunTime:0.000669s ]
SQL: SHOW COLUMNS FROM `tao_node` [ RunTime:0.004165s ]
NOTIC: [2] Invalid argument supplied for foreach() D:\wamp\www\TaoCMS\app\Application\admin\Common\function.php 第 38 行.
SQL: SELECT COUNT(*) AS tp_count FROM `tao_node` LIMIT 1   [ RunTime:0.000264s ]
SQL: SELECT * FROM `tao_node` ORDER BY sort LIMIT 0,15   [ RunTime:0.000366s ]

[ 2013-07-29T00:09:11+08:00 ] 127.0.0.1 /TaoCMS/index.php/admin/Sysinfo/index
INFO: [ app_begin ] --START--
INFO: Run ReadHtmlCache Behavior [ RunTime:0.001077s ]
INFO: [ app_begin ] --END-- [ RunTime:0.001232s ]
INFO: [ view_template ] --START--
INFO: Run LocationTemplate Behavior [ RunTime:0.000846s ]
INFO: [ view_template ] --END-- [ RunTime:0.000930s ]
INFO: [ view_parse ] --START--
INFO: Run ParseTemplate Behavior [ RunTime:0.007845s ]
INFO: [ view_parse ] --END-- [ RunTime:0.007970s ]
INFO: [ view_filter ] --START--
INFO: Run ContentReplace Behavior [ RunTime:0.000554s ]
INFO: Run TokenBuild Behavior [ RunTime:0.000445s ]
INFO: Run WriteHtmlCache Behavior [ RunTime:0.000342s ]
INFO: Run ShowRuntime Behavior [ RunTime:0.000550s ]
INFO: [ view_filter ] --END-- [ RunTime:0.002062s ]
INFO: [ view_end ] --START--
INFO: Run ShowPageTrace Behavior [ RunTime:0.000698s ]
INFO: [ view_end ] --END-- [ RunTime:0.000753s ]

[ 2013-07-29T00:09:11+08:00 ] 127.0.0.1 /TaoCMS/index.php/admin/Sysinfo/site.html
INFO: [ app_begin ] --START--
INFO: Run ReadHtmlCache Behavior [ RunTime:0.000919s ]
INFO: [ app_begin ] --END-- [ RunTime:0.001041s ]
INFO: [ view_template ] --START--
INFO: Run LocationTemplate Behavior [ RunTime:0.000691s ]
INFO: [ view_template ] --END-- [ RunTime:0.000830s ]
INFO: [ view_parse ] --START--
INFO: Run ParseTemplate Behavior [ RunTime:0.014196s ]
INFO: [ view_parse ] --END-- [ RunTime:0.014342s ]
INFO: [ view_filter ] --START--
INFO: Run ContentReplace Behavior [ RunTime:0.000944s ]
INFO: Run TokenBuild Behavior [ RunTime:0.000872s ]
INFO: Run WriteHtmlCache Behavior [ RunTime:0.000627s ]
INFO: Run ShowRuntime Behavior [ RunTime:0.000650s ]
INFO: [ view_filter ] --END-- [ RunTime:0.003362s ]
INFO: [ view_end ] --START--
INFO: Run ShowPageTrace Behavior [ RunTime:0.000723s ]
INFO: [ view_end ] --END-- [ RunTime:0.000778s ]

[ 2013-07-29T00:09:11+08:00 ] 127.0.0.1 /TaoCMS/index.php/admin/Sysinfo/site.html
INFO: [ app_begin ] --START--
INFO: Run ReadHtmlCache Behavior [ RunTime:0.000585s ]
INFO: [ app_begin ] --END-- [ RunTime:0.000695s ]
INFO: [ view_template ] --START--
INFO: Run LocationTemplate Behavior [ RunTime:0.000523s ]
INFO: [ view_template ] --END-- [ RunTime:0.000663s ]
INFO: [ view_parse ] --START--
INFO: Run ParseTemplate Behavior [ RunTime:0.010387s ]
INFO: [ view_parse ] --END-- [ RunTime:0.010528s ]
INFO: [ view_filter ] --START--
INFO: Run ContentReplace Behavior [ RunTime:0.000499s ]
INFO: Run TokenBuild Behavior [ RunTime:0.000416s ]
INFO: Run WriteHtmlCache Behavior [ RunTime:0.000312s ]
INFO: Run ShowRuntime Behavior [ RunTime:0.000493s ]
INFO: [ view_filter ] --END-- [ RunTime:0.001899s ]
INFO: [ view_end ] --START--
INFO: Run ShowPageTrace Behavior [ RunTime:0.000657s ]
INFO: [ view_end ] --END-- [ RunTime:0.000712s ]

[ 2013-07-29T00:09:32+08:00 ] 127.0.0.1 /TaoCMS/index.php/admin/Sysinfo/index
INFO: [ app_begin ] --START--
INFO: Run ReadHtmlCache Behavior [ RunTime:0.000906s ]
INFO: [ app_begin ] --END-- [ RunTime:0.001019s ]
INFO: [ view_template ] --START--
INFO: Run LocationTemplate Behavior [ RunTime:0.001285s ]
INFO: [ view_template ] --END-- [ RunTime:0.001414s ]
INFO: [ view_parse ] --START--
INFO: Run ParseTemplate Behavior [ RunTime:0.010333s ]
INFO: [ view_parse ] --END-- [ RunTime:0.010440s ]
INFO: [ view_filter ] --START--
INFO: Run ContentReplace Behavior [ RunTime:0.000517s ]
INFO: Run TokenBuild Behavior [ RunTime:0.000414s ]
INFO: Run WriteHtmlCache Behavior [ RunTime:0.000354s ]
INFO: Run ShowRuntime Behavior [ RunTime:0.000476s ]
INFO: [ view_filter ] --END-- [ RunTime:0.001936s ]
INFO: [ view_end ] --START--
INFO: Run ShowPageTrace Behavior [ RunTime:0.000603s ]
INFO: [ view_end ] --END-- [ RunTime:0.000656s ]

[ 2013-07-29T00:09:32+08:00 ] 127.0.0.1 /TaoCMS/index.php/admin/Sysinfo/core.html
INFO: [ app_begin ] --START--
INFO: Run ReadHtmlCache Behavior [ RunTime:0.001123s ]
INFO: [ app_begin ] --END-- [ RunTime:0.001246s ]
INFO: [ view_template ] --START--
INFO: Run LocationTemplate Behavior [ RunTime:0.000637s ]
INFO: [ view_template ] --END-- [ RunTime:0.000758s ]
INFO: [ view_parse ] --START--
INFO: Run ParseTemplate Behavior [ RunTime:0.015034s ]
INFO: [ view_parse ] --END-- [ RunTime:0.015176s ]
INFO: [ view_filter ] --START--
INFO: Run ContentReplace Behavior [ RunTime:0.000723s ]
INFO: Run TokenBuild Behavior [ RunTime:0.000575s ]
INFO: Run WriteHtmlCache Behavior [ RunTime:0.000478s ]
INFO: Run ShowRuntime Behavior [ RunTime:0.000721s ]
INFO: [ view_filter ] --END-- [ RunTime:0.002762s ]
INFO: [ view_end ] --START--
INFO: Run ShowPageTrace Behavior [ RunTime:0.001387s ]
INFO: [ view_end ] --END-- [ RunTime:0.001512s ]

[ 2013-07-29T00:09:32+08:00 ] 127.0.0.1 /TaoCMS/index.php/admin/Sysinfo/site.html
INFO: [ app_begin ] --START--
INFO: Run ReadHtmlCache Behavior [ RunTime:0.001108s ]
INFO: [ app_begin ] --END-- [ RunTime:0.001222s ]
INFO: [ view_template ] --START--
INFO: Run LocationTemplate Behavior [ RunTime:0.000901s ]
INFO: [ view_template ] --END-- [ RunTime:0.001058s ]
INFO: [ view_parse ] --START--
INFO: Run ParseTemplate Behavior [ RunTime:0.012146s ]
INFO: [ view_parse ] --END-- [ RunTime:0.012286s ]
INFO: [ view_filter ] --START--
INFO: Run ContentReplace Behavior [ RunTime:0.000480s ]
INFO: Run TokenBuild Behavior [ RunTime:0.000470s ]
INFO: Run WriteHtmlCache Behavior [ RunTime:0.000318s ]
INFO: Run ShowRuntime Behavior [ RunTime:0.000498s ]
INFO: [ view_filter ] --END-- [ RunTime:0.001921s ]
INFO: [ view_end ] --START--
INFO: Run ShowPageTrace Behavior [ RunTime:0.000665s ]
INFO: [ view_end ] --END-- [ RunTime:0.000719s ]

[ 2013-07-29T00:09:32+08:00 ] 127.0.0.1 /TaoCMS/index.php/admin/Sysinfo/site.html
INFO: [ app_begin ] --START--
INFO: Run ReadHtmlCache Behavior [ RunTime:0.001211s ]
INFO: [ app_begin ] --END-- [ RunTime:0.003118s ]
INFO: [ view_template ] --START--
INFO: Run LocationTemplate Behavior [ RunTime:0.000841s ]
INFO: [ view_template ] --END-- [ RunTime:0.000931s ]
INFO: [ view_parse ] --START--
INFO: Run ParseTemplate Behavior [ RunTime:0.011103s ]
INFO: [ view_parse ] --END-- [ RunTime:0.011203s ]
INFO: [ view_filter ] --START--
INFO: Run ContentReplace Behavior [ RunTime:0.000683s ]
INFO: Run TokenBuild Behavior [ RunTime:0.000635s ]
INFO: Run WriteHtmlCache Behavior [ RunTime:0.000544s ]
INFO: Run ShowRuntime Behavior [ RunTime:0.000718s ]
INFO: [ view_filter ] --END-- [ RunTime:0.002732s ]
INFO: [ view_end ] --START--
INFO: Run ShowPageTrace Behavior [ RunTime:0.000832s ]
INFO: [ view_end ] --END-- [ RunTime:0.000885s ]

[ 2013-07-29T00:09:32+08:00 ] 127.0.0.1 /TaoCMS/index.php/admin/Sysinfo/core.html
INFO: [ app_begin ] --START--
INFO: Run ReadHtmlCache Behavior [ RunTime:0.000949s ]
INFO: [ app_begin ] --END-- [ RunTime:0.001094s ]
INFO: [ view_template ] --START--
INFO: Run LocationTemplate Behavior [ RunTime:0.000861s ]
INFO: [ view_template ] --END-- [ RunTime:0.000979s ]
INFO: [ view_parse ] --START--
INFO: Run ParseTemplate Behavior [ RunTime:0.013117s ]
INFO: [ view_parse ] --END-- [ RunTime:0.013228s ]
INFO: [ view_filter ] --START--
INFO: Run ContentReplace Behavior [ RunTime:0.001076s ]
INFO: Run TokenBuild Behavior [ RunTime:0.000907s ]
INFO: Run WriteHtmlCache Behavior [ RunTime:0.000768s ]
INFO: Run ShowRuntime Behavior [ RunTime:0.001006s ]
INFO: [ view_filter ] --END-- [ RunTime:0.004024s ]
INFO: [ view_end ] --START--
INFO: Run ShowPageTrace Behavior [ RunTime:0.001104s ]
INFO: [ view_end ] --END-- [ RunTime:0.001178s ]

